<?xml version="1.0" encoding="UTF-8"?>
<robot generator="Robot 3.2.1 (Python 3.6.6 on win32)" generated="20200812 21:12:24.664" rpa="false">
<suite id="s1" name="作业3" source="E:\songqin\rf\rf工具学习\lesson3\作业3">
<suite id="s1-s1" name="Task" source="E:\songqin\rf\rf工具学习\lesson3\作业3\task.robot">
<test id="s1-s1-t1" name="添加课程">
<kw name="Delete All Lesson" library="courselib" type="setup">
<msg timestamp="20200812 21:12:31.648" level="INFO">删除完成</msg>
<status status="PASS" starttime="20200812 21:12:24.884" endtime="20200812 21:12:31.648"></status>
</kw>
<kw name="Open Browser" library="SeleniumLibrary">
<doc>Opens a new browser instance to the optional ``url``.</doc>
<arguments>
<arg>http://localhost/mgr/login/login.html</arg>
<arg>chrome</arg>
</arguments>
<msg timestamp="20200812 21:12:31.649" level="INFO">Opening browser 'chrome' to base url 'http://localhost/mgr/login/login.html'.</msg>
<status status="PASS" starttime="20200812 21:12:31.648" endtime="20200812 21:12:35.015"></status>
</kw>
<kw name="Set Selenium Implicit Wait" library="SeleniumLibrary">
<doc>Sets the implicit wait value used by Selenium.</doc>
<arguments>
<arg>10</arg>
</arguments>
<status status="PASS" starttime="20200812 21:12:35.015" endtime="20200812 21:12:35.016"></status>
</kw>
<kw name="Click Element" library="SeleniumLibrary">
<doc>Click the element identified by ``locator``.</doc>
<arguments>
<arg>css=.btn-success</arg>
</arguments>
<msg timestamp="20200812 21:12:35.016" level="INFO">Clicking element 'css=.btn-success'.</msg>
<status status="PASS" starttime="20200812 21:12:35.016" endtime="20200812 21:12:35.089"></status>
</kw>
<kw name="Click Element" library="SeleniumLibrary">
<doc>Click the element identified by ``locator``.</doc>
<arguments>
<arg>css=[ng-click="showAddOne=true"]</arg>
</arguments>
<msg timestamp="20200812 21:12:35.090" level="INFO">Clicking element 'css=[ng-click="showAddOne=true"]'.</msg>
<status status="PASS" starttime="20200812 21:12:35.089" endtime="20200812 21:12:35.832"></status>
</kw>
<kw name="Input Text" library="SeleniumLibrary">
<doc>Types the given ``text`` into the text field identified by ``locator``.</doc>
<arguments>
<arg>css=[ng-model="addData.name"]</arg>
<arg>语文课</arg>
</arguments>
<msg timestamp="20200812 21:12:35.833" level="INFO">Typing text '语文课' into text field 'css=[ng-model="addData.name"]'.</msg>
<status status="PASS" starttime="20200812 21:12:35.832" endtime="20200812 21:12:35.961"></status>
</kw>
<kw name="Input Text" library="SeleniumLibrary">
<doc>Types the given ``text`` into the text field identified by ``locator``.</doc>
<arguments>
<arg>css=[ng-model="addData.desc"]</arg>
<arg>语文描述</arg>
</arguments>
<msg timestamp="20200812 21:12:35.962" level="INFO">Typing text '语文描述' into text field 'css=[ng-model="addData.desc"]'.</msg>
<status status="PASS" starttime="20200812 21:12:35.961" endtime="20200812 21:12:36.095"></status>
</kw>
<kw name="Input Text" library="SeleniumLibrary">
<doc>Types the given ``text`` into the text field identified by ``locator``.</doc>
<arguments>
<arg>css=[ng-model="addData.display_idx"]</arg>
<arg>1</arg>
</arguments>
<msg timestamp="20200812 21:12:36.096" level="INFO">Typing text '1' into text field 'css=[ng-model="addData.display_idx"]'.</msg>
<status status="PASS" starttime="20200812 21:12:36.096" endtime="20200812 21:12:36.212"></status>
</kw>
<kw name="Click Element" library="SeleniumLibrary">
<doc>Click the element identified by ``locator``.</doc>
<arguments>
<arg>css=[ng-click="addOne()"]</arg>
</arguments>
<msg timestamp="20200812 21:12:36.212" level="INFO">Clicking element 'css=[ng-click="addOne()"]'.</msg>
<status status="PASS" starttime="20200812 21:12:36.212" endtime="20200812 21:12:36.284"></status>
</kw>
<kw name="Get WebElements" library="SeleniumLibrary">
<doc>Returns a list of WebElement objects matching the ``locator``.</doc>
<arguments>
<arg>css=tr td:nth-child(2)</arg>
</arguments>
<assign>
<var>${courses}</var>
</assign>
<msg timestamp="20200812 21:12:36.407" level="INFO">${courses} = [&lt;selenium.webdriver.remote.webelement.WebElement (session="598207a48de927a9d53f943952b3c7cb", element="433d3901-28c7-433d-8880-c86ec0d37a86")&gt;]</msg>
<status status="PASS" starttime="20200812 21:12:36.284" endtime="20200812 21:12:36.407"></status>
</kw>
<kw name="Evaluate" library="BuiltIn">
<doc>Evaluates the given expression in Python and returns the result.</doc>
<arguments>
<arg>[course.text for course incourses]</arg>
</arguments>
<assign>
<var>${actrual}</var>
</assign>
<msg timestamp="20200812 21:12:36.408" level="FAIL">Evaluating expression '[course.text for course incourses]' failed: SyntaxError: invalid syntax (&lt;string&gt;, line 1)</msg>
<status status="FAIL" starttime="20200812 21:12:36.407" endtime="20200812 21:12:36.408"></status>
</kw>
<status status="FAIL" starttime="20200812 21:12:24.883" endtime="20200812 21:12:36.408" critical="yes">Evaluating expression '[course.text for course incourses]' failed: SyntaxError: invalid syntax (&lt;string&gt;, line 1)</status>
</test>
<status status="FAIL" starttime="20200812 21:12:24.694" endtime="20200812 21:12:36.409"></status>
</suite>
<status status="FAIL" starttime="20200812 21:12:24.668" endtime="20200812 21:12:36.411"></status>
</suite>
<statistics>
<total>
<stat pass="0" fail="1">Critical Tests</stat>
<stat pass="0" fail="1">All Tests</stat>
</total>
<tag>
</tag>
<suite>
<stat pass="0" fail="1" id="s1" name="作业3">作业3</stat>
<stat pass="0" fail="1" id="s1-s1" name="Task">作业3.Task</stat>
</suite>
</statistics>
<errors>
</errors>
</robot>
