<?xml version="1.0" encoding="UTF-8"?>
<robot generator="Robot 3.2.1 (Python 3.6.6 on win32)" generated="20200810 11:31:41.704" rpa="false">
<suite id="s1" name="作业2" source="E:\songqin\rf\rf工具学习\lesson2\作业2.robot">
<test id="s1-t1" name="case1">
<kw name="List Course" library="course_mgr">
<assign>
<var>${courses}</var>
</assign>
<msg timestamp="20200810 11:31:42.049" level="INFO">${courses} = [{'id': 3285, 'name': '数学课', 'desc': '初中数学', 'display_idx': 1}, {'id': 3286, 'name': '语文课', 'desc': '语文课程', 'display_idx': 2}]</msg>
<status status="PASS" starttime="20200810 11:31:41.950" endtime="20200810 11:31:42.049"></status>
</kw>
<kw name="${course} IN [ @{courses} ]" type="for">
<kw name="${course} = {'id': 3285, 'name': '数学课', 'desc': '初中数学', 'display_idx': 1}" type="foritem">
<kw name="Log To Console" library="BuiltIn">
<doc>Logs the given message to the console.</doc>
<arguments>
<arg>${course}</arg>
</arguments>
<status status="PASS" starttime="20200810 11:31:42.051" endtime="20200810 11:31:42.054"></status>
</kw>
<status status="PASS" starttime="20200810 11:31:42.050" endtime="20200810 11:31:42.054"></status>
</kw>
<kw name="${course} = {'id': 3286, 'name': '语文课', 'desc': '语文课程', 'display_idx': 2}" type="foritem">
<kw name="Log To Console" library="BuiltIn">
<doc>Logs the given message to the console.</doc>
<arguments>
<arg>${course}</arg>
</arguments>
<status status="PASS" starttime="20200810 11:31:42.054" endtime="20200810 11:31:42.056"></status>
</kw>
<status status="PASS" starttime="20200810 11:31:42.054" endtime="20200810 11:31:42.056"></status>
</kw>
<status status="PASS" starttime="20200810 11:31:42.050" endtime="20200810 11:31:42.056"></status>
</kw>
<status status="PASS" starttime="20200810 11:31:41.948" endtime="20200810 11:31:42.059" critical="yes"></status>
</test>
<test id="s1-t2" name="case2">
<kw name="Open Browser" library="SeleniumLibrary">
<doc>Opens a new browser instance to the optional ``url``.</doc>
<arguments>
<arg>https://www.vmall.com/</arg>
<arg>chrome</arg>
</arguments>
<msg timestamp="20200810 11:31:42.066" level="INFO">Opening browser 'chrome' to base url 'https://www.vmall.com/'.</msg>
<status status="PASS" starttime="20200810 11:31:42.066" endtime="20200810 11:31:45.410"></status>
</kw>
<kw name="Set Selenium Implicit Wait" library="SeleniumLibrary">
<doc>Sets the implicit wait value used by Selenium.</doc>
<arguments>
<arg>10</arg>
</arguments>
<status status="PASS" starttime="20200810 11:31:45.411" endtime="20200810 11:31:45.412"></status>
</kw>
<kw name="Get WebElements" library="SeleniumLibrary">
<doc>Returns a list of WebElement objects matching the ``locator``.</doc>
<arguments>
<arg>css=.home-hot-goods .grid-title</arg>
</arguments>
<assign>
<var>${items}</var>
</assign>
<msg timestamp="20200810 11:31:45.422" level="INFO">${items} = [&lt;selenium.webdriver.remote.webelement.WebElement (session="c49c7f871d9f04f3d7ebfc0427178767", element="61c6f838-8622-4586-9870-a87d2ddafcf1")&gt;, &lt;selenium.webdriver.remote.webelement.WebElement (sessi...</msg>
<status status="PASS" starttime="20200810 11:31:45.413" endtime="20200810 11:31:45.422"></status>
</kw>
<kw name="${i} IN [ @{items} ]" type="for">
<kw name="${i} = &lt;selenium.webdriver.remote.webelement.WebElement (session=&quot;c49c7f871d9f04f3d7ebfc0427178767&quot;, element=&quot;61c6f838-8622-4586-9870-a87d2ddafcf1&quot;)&gt;" type="foritem">
<kw name="Log" library="BuiltIn">
<doc>Logs the given message with the given level.</doc>
<arguments>
<arg>${i.text}</arg>
</arguments>
<msg timestamp="20200810 11:31:45.436" level="INFO">HUAWEI P40 Pro+</msg>
<status status="PASS" starttime="20200810 11:31:45.423" endtime="20200810 11:31:45.436"></status>
</kw>
<status status="PASS" starttime="20200810 11:31:45.423" endtime="20200810 11:31:45.436"></status>
</kw>
<kw name="${i} = &lt;selenium.webdriver.remote.webelement.WebElement (session=&quot;c49c7f871d9f04f3d7ebfc0427178767&quot;, element=&quot;be87e7f6-3ae5-45bd-8eb4-00d2e6063e56&quot;)&gt;" type="foritem">
<kw name="Log" library="BuiltIn">
<doc>Logs the given message with the given level.</doc>
<arguments>
<arg>${i.text}</arg>
</arguments>
<msg timestamp="20200810 11:31:45.448" level="INFO">荣耀30</msg>
<status status="PASS" starttime="20200810 11:31:45.436" endtime="20200810 11:31:45.448"></status>
</kw>
<status status="PASS" starttime="20200810 11:31:45.436" endtime="20200810 11:31:45.448"></status>
</kw>
<kw name="${i} = &lt;selenium.webdriver.remote.webelement.WebElement (session=&quot;c49c7f871d9f04f3d7ebfc0427178767&quot;, element=&quot;7a1f94a3-32c1-45f6-96fa-9ca0eda8c4fc&quot;)&gt;" type="foritem">
<kw name="Log" library="BuiltIn">
<doc>Logs the given message with the given level.</doc>
<arguments>
<arg>${i.text}</arg>
</arguments>
<msg timestamp="20200810 11:31:45.458" level="INFO">HUAWEI Mate 30 5G</msg>
<status status="PASS" starttime="20200810 11:31:45.448" endtime="20200810 11:31:45.458"></status>
</kw>
<status status="PASS" starttime="20200810 11:31:45.448" endtime="20200810 11:31:45.458"></status>
</kw>
<kw name="${i} = &lt;selenium.webdriver.remote.webelement.WebElement (session=&quot;c49c7f871d9f04f3d7ebfc0427178767&quot;, element=&quot;4943ba4e-4802-478c-a792-93bda5a75951&quot;)&gt;" type="foritem">
<kw name="Log" library="BuiltIn">
<doc>Logs the given message with the given level.</doc>
<arguments>
<arg>${i.text}</arg>
</arguments>
<msg timestamp="20200810 11:31:45.471" level="INFO">荣耀Play4</msg>
<status status="PASS" starttime="20200810 11:31:45.459" endtime="20200810 11:31:45.471"></status>
</kw>
<status status="PASS" starttime="20200810 11:31:45.459" endtime="20200810 11:31:45.471"></status>
</kw>
<kw name="${i} = &lt;selenium.webdriver.remote.webelement.WebElement (session=&quot;c49c7f871d9f04f3d7ebfc0427178767&quot;, element=&quot;c0624334-53bb-400f-8c6b-03035773b209&quot;)&gt;" type="foritem">
<kw name="Log" library="BuiltIn">
<doc>Logs the given message with the given level.</doc>
<arguments>
<arg>${i.text}</arg>
</arguments>
<msg timestamp="20200810 11:31:45.482" level="INFO">华为麦芒 9</msg>
<status status="PASS" starttime="20200810 11:31:45.471" endtime="20200810 11:31:45.482"></status>
</kw>
<status status="PASS" starttime="20200810 11:31:45.471" endtime="20200810 11:31:45.482"></status>
</kw>
<kw name="${i} = &lt;selenium.webdriver.remote.webelement.WebElement (session=&quot;c49c7f871d9f04f3d7ebfc0427178767&quot;, element=&quot;b4ecef63-4b40-411f-b039-90c5a08077c8&quot;)&gt;" type="foritem">
<kw name="Log" library="BuiltIn">
<doc>Logs the given message with the given level.</doc>
<arguments>
<arg>${i.text}</arg>
</arguments>
<msg timestamp="20200810 11:31:45.494" level="INFO">荣耀X10 Max</msg>
<status status="PASS" starttime="20200810 11:31:45.482" endtime="20200810 11:31:45.494"></status>
</kw>
<status status="PASS" starttime="20200810 11:31:45.482" endtime="20200810 11:31:45.494"></status>
</kw>
<kw name="${i} = &lt;selenium.webdriver.remote.webelement.WebElement (session=&quot;c49c7f871d9f04f3d7ebfc0427178767&quot;, element=&quot;2f75963e-d16a-4c0d-bb01-94bd6304c949&quot;)&gt;" type="foritem">
<kw name="Log" library="BuiltIn">
<doc>Logs the given message with the given level.</doc>
<arguments>
<arg>${i.text}</arg>
</arguments>
<msg timestamp="20200810 11:31:45.504" level="INFO">华为畅享Z 5G</msg>
<status status="PASS" starttime="20200810 11:31:45.494" endtime="20200810 11:31:45.504"></status>
</kw>
<status status="PASS" starttime="20200810 11:31:45.494" endtime="20200810 11:31:45.504"></status>
</kw>
<kw name="${i} = &lt;selenium.webdriver.remote.webelement.WebElement (session=&quot;c49c7f871d9f04f3d7ebfc0427178767&quot;, element=&quot;32e6d004-d28e-415e-a579-32569e83582a&quot;)&gt;" type="foritem">
<kw name="Log" library="BuiltIn">
<doc>Logs the given message with the given level.</doc>
<arguments>
<arg>${i.text}</arg>
</arguments>
<msg timestamp="20200810 11:31:45.516" level="INFO">荣耀 Play4T Pro</msg>
<status status="PASS" starttime="20200810 11:31:45.505" endtime="20200810 11:31:45.516"></status>
</kw>
<status status="PASS" starttime="20200810 11:31:45.504" endtime="20200810 11:31:45.517"></status>
</kw>
<status status="PASS" starttime="20200810 11:31:45.423" endtime="20200810 11:31:45.517"></status>
</kw>
<kw name="Close Browser" library="SeleniumLibrary">
<doc>Closes the current browser.</doc>
<status status="PASS" starttime="20200810 11:31:45.517" endtime="20200810 11:31:47.710"></status>
</kw>
<status status="PASS" starttime="20200810 11:31:42.063" endtime="20200810 11:31:47.711" critical="yes"></status>
</test>
<status status="PASS" starttime="20200810 11:31:41.707" endtime="20200810 11:31:47.716"></status>
</suite>
<statistics>
<total>
<stat pass="2" fail="0">Critical Tests</stat>
<stat pass="2" fail="0">All Tests</stat>
</total>
<tag>
</tag>
<suite>
<stat pass="2" fail="0" id="s1" name="作业2">作业2</stat>
</suite>
</statistics>
<errors>
</errors>
</robot>
