<?xml version="1.0" encoding="UTF-8"?>
<robot generator="Robot 3.2.1 (Python 3.6.6 on win32)" generated="20200810 11:30:30.358" rpa="false">
<suite id="s1" name="Baidutest" source="E:\songqin\rf\rf工具学习\day1\baidutest.robot">
<test id="s1-t1" name="用例">
<kw name="Open Browser" library="SeleniumLibrary">
<doc>Opens a new browser instance to the optional ``url``.</doc>
<arguments>
<arg>https://www.baidu.com/</arg>
<arg>chrome</arg>
</arguments>
<msg timestamp="20200810 11:30:30.552" level="INFO">Opening browser 'chrome' to base url 'https://www.baidu.com/'.</msg>
<status status="PASS" starttime="20200810 11:30:30.552" endtime="20200810 11:30:33.617"></status>
</kw>
<kw name="Set Selenium Implicit Wait" library="SeleniumLibrary">
<doc>Sets the implicit wait value used by Selenium.</doc>
<arguments>
<arg>10</arg>
</arguments>
<status status="PASS" starttime="20200810 11:30:33.618" endtime="20200810 11:30:33.620"></status>
</kw>
<kw name="Input Text" library="SeleniumLibrary">
<doc>Types the given ``text`` into the text field identified by ``locator``.</doc>
<arguments>
<arg>css=#kw</arg>
<arg>松勤</arg>
</arguments>
<msg timestamp="20200810 11:30:33.622" level="INFO">Typing text '松勤' into text field 'css=#kw'.</msg>
<status status="PASS" starttime="20200810 11:30:33.622" endtime="20200810 11:30:33.765"></status>
</kw>
<kw name="Click Element" library="SeleniumLibrary">
<doc>Click the element identified by ``locator``.</doc>
<arguments>
<arg>id=su</arg>
</arguments>
<msg timestamp="20200810 11:30:33.767" level="INFO">Clicking element 'id=su'.</msg>
<status status="PASS" starttime="20200810 11:30:33.766" endtime="20200810 11:30:33.828"></status>
</kw>
<kw name="Get Text" library="SeleniumLibrary">
<doc>Returns the text value of the element identified by ``locator``.</doc>
<arguments>
<arg>css=[id="1"]&gt;h3&gt;a</arg>
</arguments>
<assign>
<var>${res}</var>
</assign>
<msg timestamp="20200810 11:30:34.412" level="INFO">${res} = 松勤网 - 松勤软件测试-软件测试在线教育领跑者-国内最专业的软件...</msg>
<status status="PASS" starttime="20200810 11:30:33.828" endtime="20200810 11:30:34.412"></status>
</kw>
<kw name="Log To Console" library="BuiltIn">
<doc>Logs the given message to the console.</doc>
<arguments>
<arg>${res}</arg>
</arguments>
<status status="PASS" starttime="20200810 11:30:34.413" endtime="20200810 11:30:34.414"></status>
</kw>
<kw name="Should Contain" library="BuiltIn">
<doc>Fails if ``container`` does not contain ``item`` one or more times.</doc>
<arguments>
<arg>${res}</arg>
<arg>软件测试-软件测试在线教育领跑者-国内最专业的软件...</arg>
</arguments>
<status status="PASS" starttime="20200810 11:30:34.415" endtime="20200810 11:30:34.415"></status>
</kw>
<kw name="Close Browser" library="SeleniumLibrary">
<doc>Closes the current browser.</doc>
<status status="PASS" starttime="20200810 11:30:34.416" endtime="20200810 11:30:36.583"></status>
</kw>
<status status="PASS" starttime="20200810 11:30:30.549" endtime="20200810 11:30:36.586" critical="yes"></status>
</test>
<status status="PASS" starttime="20200810 11:30:30.361" endtime="20200810 11:30:36.598"></status>
</suite>
<statistics>
<total>
<stat pass="1" fail="0">Critical Tests</stat>
<stat pass="1" fail="0">All Tests</stat>
</total>
<tag>
</tag>
<suite>
<stat pass="1" fail="0" id="s1" name="Baidutest">Baidutest</stat>
</suite>
</statistics>
<errors>
</errors>
</robot>
