<?xml version="1.0" encoding="UTF-8"?>
<robot generator="Robot 3.2.1 (Python 3.6.6 on win32)" generated="20200818 22:24:16.083" rpa="false">
<suite id="s1" name="库扩展" source="E:\songqin\rf\rf工具学习\lesson5\库扩展.robot">
<test id="s1-t1" name="case1">
<kw name="Get User" library="other">
<assign>
<var>${res}</var>
</assign>
<msg timestamp="20200818 22:24:16.128" level="INFO">${res} = {'name': 'auto', 'psw': 'sdfsdfsdf'}</msg>
<status status="PASS" starttime="20200818 22:24:16.128" endtime="20200818 22:24:16.128"></status>
</kw>
<kw name="Log To Console" library="BuiltIn">
<doc>Logs the given message to the console.</doc>
<arguments>
<arg>${res}</arg>
</arguments>
<status status="PASS" starttime="20200818 22:24:16.129" endtime="20200818 22:24:16.130"></status>
</kw>
<status status="PASS" starttime="20200818 22:24:16.125" endtime="20200818 22:24:16.133" critical="yes"></status>
</test>
<test id="s1-t2" name="case2">
<kw name="Make Money" library="extend.Child">
<status status="PASS" starttime="20200818 22:24:16.138" endtime="20200818 22:24:16.141"></status>
</kw>
<kw name="Use Money" library="extend.Child">
<arguments>
<arg>2000</arg>
</arguments>
<status status="PASS" starttime="20200818 22:24:16.143" endtime="20200818 22:24:16.144"></status>
</kw>
<kw name="Fun" library="extend.Child">
<status status="PASS" starttime="20200818 22:24:16.155" endtime="20200818 22:24:16.156"></status>
</kw>
<status status="PASS" starttime="20200818 22:24:16.136" endtime="20200818 22:24:16.158" critical="yes"></status>
</test>
<status status="PASS" starttime="20200818 22:24:16.086" endtime="20200818 22:24:16.166"></status>
</suite>
<statistics>
<total>
<stat pass="2" fail="0">Critical Tests</stat>
<stat pass="2" fail="0">All Tests</stat>
</total>
<tag>
</tag>
<suite>
<stat pass="2" fail="0" id="s1" name="库扩展">库扩展</stat>
</suite>
</statistics>
<errors>
</errors>
</robot>
