<?xml version="1.0" encoding="UTF-8"?>
<robot generator="Robot 3.2.1 (Python 3.6.6 on win32)" generated="20200812 21:17:48.865" rpa="false">
<suite id="s1" name="作业3" source="E:\songqin\rf\rf工具学习\lesson3\作业3">
<suite id="s1-s1" name="Task" source="E:\songqin\rf\rf工具学习\lesson3\作业3\task.robot">
<test id="s1-s1-t1" name="添加课程">
<kw name="Delete All Lesson" library="courselib" type="setup">
<msg timestamp="20200812 21:17:55.800" level="INFO">删除完成</msg>
<status status="PASS" starttime="20200812 21:17:49.110" endtime="20200812 21:17:55.800"></status>
</kw>
<kw name="Open Browser" library="SeleniumLibrary">
<doc>Opens a new browser instance to the optional ``url``.</doc>
<arguments>
<arg>http://localhost/mgr/login/login.html</arg>
<arg>chrome</arg>
</arguments>
<msg timestamp="20200812 21:17:55.801" level="INFO">Opening browser 'chrome' to base url 'http://localhost/mgr/login/login.html'.</msg>
<status status="PASS" starttime="20200812 21:17:55.801" endtime="20200812 21:17:59.284"></status>
</kw>
<kw name="Set Selenium Implicit Wait" library="SeleniumLibrary">
<doc>Sets the implicit wait value used by Selenium.</doc>
<arguments>
<arg>10</arg>
</arguments>
<status status="PASS" starttime="20200812 21:17:59.285" endtime="20200812 21:17:59.286"></status>
</kw>
<kw name="Click Element" library="SeleniumLibrary">
<doc>Click the element identified by ``locator``.</doc>
<arguments>
<arg>css=.btn-success</arg>
</arguments>
<msg timestamp="20200812 21:17:59.286" level="INFO">Clicking element 'css=.btn-success'.</msg>
<status status="PASS" starttime="20200812 21:17:59.286" endtime="20200812 21:17:59.389"></status>
</kw>
<kw name="Click Element" library="SeleniumLibrary">
<doc>Click the element identified by ``locator``.</doc>
<arguments>
<arg>css=[ng-click="showAddOne=true"]</arg>
</arguments>
<msg timestamp="20200812 21:17:59.389" level="INFO">Clicking element 'css=[ng-click="showAddOne=true"]'.</msg>
<status status="PASS" starttime="20200812 21:17:59.389" endtime="20200812 21:18:00.077"></status>
</kw>
<kw name="Input Text" library="SeleniumLibrary">
<doc>Types the given ``text`` into the text field identified by ``locator``.</doc>
<arguments>
<arg>css=[ng-model="addData.name"]</arg>
<arg>语文课</arg>
</arguments>
<msg timestamp="20200812 21:18:00.079" level="INFO">Typing text '语文课' into text field 'css=[ng-model="addData.name"]'.</msg>
<status status="PASS" starttime="20200812 21:18:00.078" endtime="20200812 21:18:00.198"></status>
</kw>
<kw name="Input Text" library="SeleniumLibrary">
<doc>Types the given ``text`` into the text field identified by ``locator``.</doc>
<arguments>
<arg>css=[ng-model="addData.desc"]</arg>
<arg>语文描述</arg>
</arguments>
<msg timestamp="20200812 21:18:00.199" level="INFO">Typing text '语文描述' into text field 'css=[ng-model="addData.desc"]'.</msg>
<status status="PASS" starttime="20200812 21:18:00.198" endtime="20200812 21:18:00.322"></status>
</kw>
<kw name="Input Text" library="SeleniumLibrary">
<doc>Types the given ``text`` into the text field identified by ``locator``.</doc>
<arguments>
<arg>css=[ng-model="addData.display_idx"]</arg>
<arg>1</arg>
</arguments>
<msg timestamp="20200812 21:18:00.323" level="INFO">Typing text '1' into text field 'css=[ng-model="addData.display_idx"]'.</msg>
<status status="PASS" starttime="20200812 21:18:00.323" endtime="20200812 21:18:00.496"></status>
</kw>
<kw name="Click Element" library="SeleniumLibrary">
<doc>Click the element identified by ``locator``.</doc>
<arguments>
<arg>css=[ng-click="addOne()"]</arg>
</arguments>
<msg timestamp="20200812 21:18:00.497" level="INFO">Clicking element 'css=[ng-click="addOne()"]'.</msg>
<status status="PASS" starttime="20200812 21:18:00.496" endtime="20200812 21:18:00.605"></status>
</kw>
<kw name="Get WebElements" library="SeleniumLibrary">
<doc>Returns a list of WebElement objects matching the ``locator``.</doc>
<arguments>
<arg>css=tr td:nth-child(2)</arg>
</arguments>
<assign>
<var>${courses}</var>
</assign>
<msg timestamp="20200812 21:18:00.735" level="INFO">${courses} = [&lt;selenium.webdriver.remote.webelement.WebElement (session="fda2c37f7cdc49796942f724355eb725", element="1ca1e889-5f8e-42cc-9100-2f4c57f3ef9e")&gt;]</msg>
<status status="PASS" starttime="20200812 21:18:00.605" endtime="20200812 21:18:00.735"></status>
</kw>
<kw name="Evaluate" library="BuiltIn">
<doc>Evaluates the given expression in Python and returns the result.</doc>
<arguments>
<arg>[course.text</arg>
<arg>for course in $courses]</arg>
</arguments>
<assign>
<var>${actrual}</var>
</assign>
<msg timestamp="20200812 21:18:00.740" level="FAIL">Evaluating expression '[course.text' failed: ModuleNotFoundError: No module named 'forcoursein$courses]'</msg>
<status status="FAIL" starttime="20200812 21:18:00.735" endtime="20200812 21:18:00.740"></status>
</kw>
<status status="FAIL" starttime="20200812 21:17:49.109" endtime="20200812 21:18:00.741" critical="yes">Evaluating expression '[course.text' failed: ModuleNotFoundError: No module named 'forcoursein$courses]'</status>
</test>
<status status="FAIL" starttime="20200812 21:17:48.898" endtime="20200812 21:18:00.743"></status>
</suite>
<status status="FAIL" starttime="20200812 21:17:48.870" endtime="20200812 21:18:00.746"></status>
</suite>
<statistics>
<total>
<stat pass="0" fail="1">Critical Tests</stat>
<stat pass="0" fail="1">All Tests</stat>
</total>
<tag>
</tag>
<suite>
<stat pass="0" fail="1" id="s1" name="作业3">作业3</stat>
<stat pass="0" fail="1" id="s1-s1" name="Task">作业3.Task</stat>
</suite>
</statistics>
<errors>
</errors>
</robot>
