<?xml version="1.0" encoding="UTF-8"?>
<robot generator="Robot 3.2.1 (Python 3.6.6 on win32)" generated="20200818 17:17:00.396" rpa="false">
<suite id="s1" name="Task" source="E:\songqin\rf\rf工具学习\lesson5\作业4优化\task.robot">
<kw name="webtestSetup" library="rc" type="setup">
<kw name="Open Browser" library="SeleniumLibrary">
<doc>Opens a new browser instance to the optional ``url``.</doc>
<arguments>
<arg>http://baidu.com</arg>
<arg>chrome</arg>
</arguments>
<msg timestamp="20200818 17:17:00.597" level="INFO">Opening browser 'chrome' to base url 'http://baidu.com'.</msg>
<status status="PASS" starttime="20200818 17:17:00.597" endtime="20200818 17:17:24.847"></status>
</kw>
<kw name="Set Selenium Implicit Wait" library="SeleniumLibrary">
<doc>Sets the implicit wait value used by Selenium.</doc>
<arguments>
<arg>10</arg>
</arguments>
<status status="PASS" starttime="20200818 17:17:24.847" endtime="20200818 17:17:24.848"></status>
</kw>
<kw name="Log To Console" library="BuiltIn">
<doc>Logs the given message to the console.</doc>
<arguments>
<arg>打开浏览器</arg>
</arguments>
<status status="PASS" starttime="20200818 17:17:24.848" endtime="20200818 17:17:24.849"></status>
</kw>
<status status="PASS" starttime="20200818 17:17:00.597" endtime="20200818 17:17:24.849"></status>
</kw>
<test id="s1-t1" name="添加课程1">
<kw name="deleteAllLesson" library="rc" type="setup">
<kw name="loginWebSite" library="rc">
<kw name="Go To" library="SeleniumLibrary">
<doc>Navigates the current browser window to the provided ``url``.</doc>
<arguments>
<arg>http://localhost/mgr/login/login.html</arg>
</arguments>
<msg timestamp="20200818 17:17:24.853" level="INFO">Opening url 'http://localhost/mgr/login/login.html'</msg>
<status status="PASS" starttime="20200818 17:17:24.852" endtime="20200818 17:17:25.546"></status>
</kw>
<kw name="Click Element" library="SeleniumLibrary">
<doc>Click the element identified by ``locator``.</doc>
<arguments>
<arg>css=.btn-success</arg>
</arguments>
<msg timestamp="20200818 17:17:25.546" level="INFO">Clicking element 'css=.btn-success'.</msg>
<status status="PASS" starttime="20200818 17:17:25.546" endtime="20200818 17:17:25.610"></status>
</kw>
<status status="PASS" starttime="20200818 17:17:24.852" endtime="20200818 17:17:25.610"></status>
</kw>
<kw name="Set Selenium Implicit Wait" library="SeleniumLibrary">
<doc>Sets the implicit wait value used by Selenium.</doc>
<arguments>
<arg>2</arg>
</arguments>
<status status="PASS" starttime="20200818 17:17:25.610" endtime="20200818 17:17:25.611"></status>
</kw>
<kw name="${one} IN RANGE [ 9999 ]" type="for">
<kw name="${one} = 0" type="foritem">
<kw name="Get WebElements" library="SeleniumLibrary">
<doc>Returns a list of WebElement objects matching the ``locator``.</doc>
<arguments>
<arg>css=[ng-click="delOne(one)"]</arg>
</arguments>
<assign>
<var>${del_btns}</var>
</assign>
<msg timestamp="20200818 17:17:26.199" level="INFO">${del_btns} = [&lt;selenium.webdriver.remote.webelement.WebElement (session="e148fd074814058a3f7ba08650ef12ef", element="8c94451d-2030-48a1-b056-eda48371e6ce")&gt;, &lt;selenium.webdriver.remote.webelement.WebElement (sessi...</msg>
<status status="PASS" starttime="20200818 17:17:25.611" endtime="20200818 17:17:26.199"></status>
</kw>
<kw name="Exit For Loop If" library="BuiltIn">
<doc>Stops executing the enclosing for loop if the ``condition`` is true.</doc>
<arguments>
<arg>$del_btns==[]</arg>
</arguments>
<status status="PASS" starttime="20200818 17:17:26.199" endtime="20200818 17:17:26.206"></status>
</kw>
<kw name="Click Element" library="SeleniumLibrary">
<doc>Click the element identified by ``locator``.</doc>
<arguments>
<arg>${del_btns}[0]</arg>
</arguments>
<msg timestamp="20200818 17:17:26.207" level="INFO">Clicking element '&lt;selenium.webdriver.remote.webelement.WebElement (session="e148fd074814058a3f7ba08650ef12ef", element="8c94451d-2030-48a1-b056-eda48371e6ce")&gt;'.</msg>
<status status="PASS" starttime="20200818 17:17:26.206" endtime="20200818 17:17:26.268"></status>
</kw>
<kw name="Click Element" library="SeleniumLibrary">
<doc>Click the element identified by ``locator``.</doc>
<arguments>
<arg>css=.btn-primary</arg>
</arguments>
<msg timestamp="20200818 17:17:26.268" level="INFO">Clicking element 'css=.btn-primary'.</msg>
<status status="PASS" starttime="20200818 17:17:26.268" endtime="20200818 17:17:26.508"></status>
</kw>
<kw name="Sleep" library="BuiltIn">
<doc>Pauses the test executed for the given time.</doc>
<arguments>
<arg>1</arg>
</arguments>
<msg timestamp="20200818 17:17:27.508" level="INFO">Slept 1 second</msg>
<status status="PASS" starttime="20200818 17:17:26.508" endtime="20200818 17:17:27.508"></status>
</kw>
<status status="PASS" starttime="20200818 17:17:25.611" endtime="20200818 17:17:27.508"></status>
</kw>
<kw name="${one} = 1" type="foritem">
<kw name="Get WebElements" library="SeleniumLibrary">
<doc>Returns a list of WebElement objects matching the ``locator``.</doc>
<arguments>
<arg>css=[ng-click="delOne(one)"]</arg>
</arguments>
<assign>
<var>${del_btns}</var>
</assign>
<msg timestamp="20200818 17:17:27.524" level="INFO">${del_btns} = [&lt;selenium.webdriver.remote.webelement.WebElement (session="e148fd074814058a3f7ba08650ef12ef", element="9b86eced-3666-4e32-8adb-f72fa7850ef1")&gt;]</msg>
<status status="PASS" starttime="20200818 17:17:27.509" endtime="20200818 17:17:27.524"></status>
</kw>
<kw name="Exit For Loop If" library="BuiltIn">
<doc>Stops executing the enclosing for loop if the ``condition`` is true.</doc>
<arguments>
<arg>$del_btns==[]</arg>
</arguments>
<status status="PASS" starttime="20200818 17:17:27.524" endtime="20200818 17:17:27.525"></status>
</kw>
<kw name="Click Element" library="SeleniumLibrary">
<doc>Click the element identified by ``locator``.</doc>
<arguments>
<arg>${del_btns}[0]</arg>
</arguments>
<msg timestamp="20200818 17:17:27.526" level="INFO">Clicking element '&lt;selenium.webdriver.remote.webelement.WebElement (session="e148fd074814058a3f7ba08650ef12ef", element="9b86eced-3666-4e32-8adb-f72fa7850ef1")&gt;'.</msg>
<status status="PASS" starttime="20200818 17:17:27.525" endtime="20200818 17:17:27.592"></status>
</kw>
<kw name="Click Element" library="SeleniumLibrary">
<doc>Click the element identified by ``locator``.</doc>
<arguments>
<arg>css=.btn-primary</arg>
</arguments>
<msg timestamp="20200818 17:17:27.593" level="INFO">Clicking element 'css=.btn-primary'.</msg>
<status status="PASS" starttime="20200818 17:17:27.593" endtime="20200818 17:17:27.839"></status>
</kw>
<kw name="Sleep" library="BuiltIn">
<doc>Pauses the test executed for the given time.</doc>
<arguments>
<arg>1</arg>
</arguments>
<msg timestamp="20200818 17:17:28.839" level="INFO">Slept 1 second</msg>
<status status="PASS" starttime="20200818 17:17:27.839" endtime="20200818 17:17:28.839"></status>
</kw>
<status status="PASS" starttime="20200818 17:17:27.508" endtime="20200818 17:17:28.839"></status>
</kw>
<kw name="${one} = 2" type="foritem">
<kw name="Get WebElements" library="SeleniumLibrary">
<doc>Returns a list of WebElement objects matching the ``locator``.</doc>
<arguments>
<arg>css=[ng-click="delOne(one)"]</arg>
</arguments>
<assign>
<var>${del_btns}</var>
</assign>
<msg timestamp="20200818 17:17:30.885" level="INFO">${del_btns} = []</msg>
<status status="PASS" starttime="20200818 17:17:28.839" endtime="20200818 17:17:30.885"></status>
</kw>
<kw name="Exit For Loop If" library="BuiltIn">
<doc>Stops executing the enclosing for loop if the ``condition`` is true.</doc>
<arguments>
<arg>$del_btns==[]</arg>
</arguments>
<msg timestamp="20200818 17:17:30.886" level="INFO">Exiting for loop altogether.</msg>
<status status="PASS" starttime="20200818 17:17:30.885" endtime="20200818 17:17:30.886"></status>
</kw>
<status status="PASS" starttime="20200818 17:17:28.839" endtime="20200818 17:17:30.886"></status>
</kw>
<status status="PASS" starttime="20200818 17:17:25.611" endtime="20200818 17:17:30.886"></status>
</kw>
<status status="PASS" starttime="20200818 17:17:24.851" endtime="20200818 17:17:30.886"></status>
</kw>
<kw name="loginWebSite" library="rc">
<kw name="Go To" library="SeleniumLibrary">
<doc>Navigates the current browser window to the provided ``url``.</doc>
<arguments>
<arg>http://localhost/mgr/login/login.html</arg>
</arguments>
<msg timestamp="20200818 17:17:30.888" level="INFO">Opening url 'http://localhost/mgr/login/login.html'</msg>
<status status="PASS" starttime="20200818 17:17:30.887" endtime="20200818 17:17:30.938"></status>
</kw>
<kw name="Click Element" library="SeleniumLibrary">
<doc>Click the element identified by ``locator``.</doc>
<arguments>
<arg>css=.btn-success</arg>
</arguments>
<msg timestamp="20200818 17:17:30.939" level="INFO">Clicking element 'css=.btn-success'.</msg>
<status status="PASS" starttime="20200818 17:17:30.938" endtime="20200818 17:17:30.992"></status>
</kw>
<status status="PASS" starttime="20200818 17:17:30.887" endtime="20200818 17:17:30.992"></status>
</kw>
<kw name="addCourse" library="rc">
<arguments>
<arg>robotframework</arg>
<arg>rf课程</arg>
<arg>2</arg>
</arguments>
<kw name="Click Element" library="SeleniumLibrary">
<doc>Click the element identified by ``locator``.</doc>
<arguments>
<arg>css=[ng-click="showAddOne=true"]</arg>
</arguments>
<msg timestamp="20200818 17:17:30.993" level="INFO">Clicking element 'css=[ng-click="showAddOne=true"]'.</msg>
<status status="PASS" starttime="20200818 17:17:30.993" endtime="20200818 17:17:31.274"></status>
</kw>
<kw name="Input Text" library="SeleniumLibrary">
<doc>Types the given ``text`` into the text field identified by ``locator``.</doc>
<arguments>
<arg>css=[ng-model="addData.name"]</arg>
<arg>${name}</arg>
</arguments>
<msg timestamp="20200818 17:17:31.275" level="INFO">Typing text 'robotframework' into text field 'css=[ng-model="addData.name"]'.</msg>
<status status="PASS" starttime="20200818 17:17:31.274" endtime="20200818 17:17:31.396"></status>
</kw>
<kw name="Input Text" library="SeleniumLibrary">
<doc>Types the given ``text`` into the text field identified by ``locator``.</doc>
<arguments>
<arg>css=[ng-model="addData.desc"]</arg>
<arg>${desc}</arg>
</arguments>
<msg timestamp="20200818 17:17:31.396" level="INFO">Typing text 'rf课程' into text field 'css=[ng-model="addData.desc"]'.</msg>
<status status="PASS" starttime="20200818 17:17:31.396" endtime="20200818 17:17:31.467"></status>
</kw>
<kw name="Input Text" library="SeleniumLibrary">
<doc>Types the given ``text`` into the text field identified by ``locator``.</doc>
<arguments>
<arg>css=[ng-model="addData.display_idx"]</arg>
<arg>${idx}</arg>
</arguments>
<msg timestamp="20200818 17:17:31.467" level="INFO">Typing text '2' into text field 'css=[ng-model="addData.display_idx"]'.</msg>
<status status="PASS" starttime="20200818 17:17:31.467" endtime="20200818 17:17:31.538"></status>
</kw>
<kw name="Click Element" library="SeleniumLibrary">
<doc>Click the element identified by ``locator``.</doc>
<arguments>
<arg>css=[ng-click="addOne()"]</arg>
</arguments>
<msg timestamp="20200818 17:17:31.539" level="INFO">Clicking element 'css=[ng-click="addOne()"]'.</msg>
<status status="PASS" starttime="20200818 17:17:31.539" endtime="20200818 17:17:31.591"></status>
</kw>
<kw name="Sleep" library="BuiltIn">
<doc>Pauses the test executed for the given time.</doc>
<arguments>
<arg>1</arg>
</arguments>
<msg timestamp="20200818 17:17:32.591" level="INFO">Slept 1 second</msg>
<status status="PASS" starttime="20200818 17:17:31.591" endtime="20200818 17:17:32.591"></status>
</kw>
<status status="PASS" starttime="20200818 17:17:30.992" endtime="20200818 17:17:32.591"></status>
</kw>
<kw name="checkCourse" library="rc">
<arguments>
<arg>robotframework</arg>
</arguments>
<kw name="Get WebElements" library="SeleniumLibrary">
<doc>Returns a list of WebElement objects matching the ``locator``.</doc>
<arguments>
<arg>css=tr td:nth-child(2)</arg>
</arguments>
<assign>
<var>${courses}</var>
</assign>
<msg timestamp="20200818 17:17:32.608" level="INFO">${courses} = [&lt;selenium.webdriver.remote.webelement.WebElement (session="e148fd074814058a3f7ba08650ef12ef", element="041ff56f-5b01-4734-9eb9-4ebaa3473061")&gt;]</msg>
<status status="PASS" starttime="20200818 17:17:32.593" endtime="20200818 17:17:32.608"></status>
</kw>
<kw name="Evaluate" library="BuiltIn">
<doc>Evaluates the given expression in Python and returns the result.</doc>
<arguments>
<arg>[course.text for course in $courses]</arg>
</arguments>
<assign>
<var>${actrual}</var>
</assign>
<msg timestamp="20200818 17:17:32.630" level="INFO">${actrual} = ['robotframework']</msg>
<status status="PASS" starttime="20200818 17:17:32.609" endtime="20200818 17:17:32.631"></status>
</kw>
<kw name="Log To Console" library="BuiltIn">
<doc>Logs the given message to the console.</doc>
<arguments>
<arg>${actrual}</arg>
</arguments>
<status status="PASS" starttime="20200818 17:17:32.631" endtime="20200818 17:17:32.632"></status>
</kw>
<kw name="Evaluate" library="BuiltIn">
<doc>Evaluates the given expression in Python and returns the result.</doc>
<arguments>
<arg>[name for name in $expect]</arg>
</arguments>
<assign>
<var>${exp}</var>
</assign>
<msg timestamp="20200818 17:17:32.632" level="INFO">${exp} = ['robotframework']</msg>
<status status="PASS" starttime="20200818 17:17:32.632" endtime="20200818 17:17:32.633"></status>
</kw>
<kw name="Should Be True" library="BuiltIn">
<doc>Fails if the given condition is not true.</doc>
<arguments>
<arg>$actrual==$exp</arg>
</arguments>
<status status="PASS" starttime="20200818 17:17:32.633" endtime="20200818 17:17:32.633"></status>
</kw>
<status status="PASS" starttime="20200818 17:17:32.592" endtime="20200818 17:17:32.633"></status>
</kw>
<status status="PASS" starttime="20200818 17:17:24.849" endtime="20200818 17:17:32.634" critical="yes"></status>
</test>
<test id="s1-t2" name="添加课程2">
<kw name="loginWebSite" library="rc">
<kw name="Go To" library="SeleniumLibrary">
<doc>Navigates the current browser window to the provided ``url``.</doc>
<arguments>
<arg>http://localhost/mgr/login/login.html</arg>
</arguments>
<msg timestamp="20200818 17:17:32.643" level="INFO">Opening url 'http://localhost/mgr/login/login.html'</msg>
<status status="PASS" starttime="20200818 17:17:32.643" endtime="20200818 17:17:32.708"></status>
</kw>
<kw name="Click Element" library="SeleniumLibrary">
<doc>Click the element identified by ``locator``.</doc>
<arguments>
<arg>css=.btn-success</arg>
</arguments>
<msg timestamp="20200818 17:17:32.708" level="INFO">Clicking element 'css=.btn-success'.</msg>
<status status="PASS" starttime="20200818 17:17:32.708" endtime="20200818 17:17:32.759"></status>
</kw>
<status status="PASS" starttime="20200818 17:17:32.642" endtime="20200818 17:17:32.759"></status>
</kw>
<kw name="addCourse" library="rc">
<arguments>
<arg>selenium</arg>
<arg>webui课程</arg>
<arg>1</arg>
</arguments>
<kw name="Click Element" library="SeleniumLibrary">
<doc>Click the element identified by ``locator``.</doc>
<arguments>
<arg>css=[ng-click="showAddOne=true"]</arg>
</arguments>
<msg timestamp="20200818 17:17:32.760" level="INFO">Clicking element 'css=[ng-click="showAddOne=true"]'.</msg>
<status status="PASS" starttime="20200818 17:17:32.760" endtime="20200818 17:17:33.025"></status>
</kw>
<kw name="Input Text" library="SeleniumLibrary">
<doc>Types the given ``text`` into the text field identified by ``locator``.</doc>
<arguments>
<arg>css=[ng-model="addData.name"]</arg>
<arg>${name}</arg>
</arguments>
<msg timestamp="20200818 17:17:33.026" level="INFO">Typing text 'selenium' into text field 'css=[ng-model="addData.name"]'.</msg>
<status status="PASS" starttime="20200818 17:17:33.026" endtime="20200818 17:17:33.122"></status>
</kw>
<kw name="Input Text" library="SeleniumLibrary">
<doc>Types the given ``text`` into the text field identified by ``locator``.</doc>
<arguments>
<arg>css=[ng-model="addData.desc"]</arg>
<arg>${desc}</arg>
</arguments>
<msg timestamp="20200818 17:17:33.123" level="INFO">Typing text 'webui课程' into text field 'css=[ng-model="addData.desc"]'.</msg>
<status status="PASS" starttime="20200818 17:17:33.122" endtime="20200818 17:17:33.192"></status>
</kw>
<kw name="Input Text" library="SeleniumLibrary">
<doc>Types the given ``text`` into the text field identified by ``locator``.</doc>
<arguments>
<arg>css=[ng-model="addData.display_idx"]</arg>
<arg>${idx}</arg>
</arguments>
<msg timestamp="20200818 17:17:33.193" level="INFO">Typing text '1' into text field 'css=[ng-model="addData.display_idx"]'.</msg>
<status status="PASS" starttime="20200818 17:17:33.192" endtime="20200818 17:17:33.262"></status>
</kw>
<kw name="Click Element" library="SeleniumLibrary">
<doc>Click the element identified by ``locator``.</doc>
<arguments>
<arg>css=[ng-click="addOne()"]</arg>
</arguments>
<msg timestamp="20200818 17:17:33.263" level="INFO">Clicking element 'css=[ng-click="addOne()"]'.</msg>
<status status="PASS" starttime="20200818 17:17:33.263" endtime="20200818 17:17:33.308"></status>
</kw>
<kw name="Sleep" library="BuiltIn">
<doc>Pauses the test executed for the given time.</doc>
<arguments>
<arg>1</arg>
</arguments>
<msg timestamp="20200818 17:17:34.308" level="INFO">Slept 1 second</msg>
<status status="PASS" starttime="20200818 17:17:33.308" endtime="20200818 17:17:34.308"></status>
</kw>
<status status="PASS" starttime="20200818 17:17:32.760" endtime="20200818 17:17:34.308"></status>
</kw>
<kw name="checkCourse" library="rc">
<arguments>
<arg>selenium</arg>
<arg>robotframework</arg>
</arguments>
<kw name="Get WebElements" library="SeleniumLibrary">
<doc>Returns a list of WebElement objects matching the ``locator``.</doc>
<arguments>
<arg>css=tr td:nth-child(2)</arg>
</arguments>
<assign>
<var>${courses}</var>
</assign>
<msg timestamp="20200818 17:17:34.327" level="INFO">${courses} = [&lt;selenium.webdriver.remote.webelement.WebElement (session="e148fd074814058a3f7ba08650ef12ef", element="87d4f5e5-aeaf-4210-9692-bef48e21ac5b")&gt;, &lt;selenium.webdriver.remote.webelement.WebElement (sessi...</msg>
<status status="PASS" starttime="20200818 17:17:34.312" endtime="20200818 17:17:34.327"></status>
</kw>
<kw name="Evaluate" library="BuiltIn">
<doc>Evaluates the given expression in Python and returns the result.</doc>
<arguments>
<arg>[course.text for course in $courses]</arg>
</arguments>
<assign>
<var>${actrual}</var>
</assign>
<msg timestamp="20200818 17:17:34.394" level="INFO">${actrual} = ['selenium', 'robotframework']</msg>
<status status="PASS" starttime="20200818 17:17:34.327" endtime="20200818 17:17:34.394"></status>
</kw>
<kw name="Log To Console" library="BuiltIn">
<doc>Logs the given message to the console.</doc>
<arguments>
<arg>${actrual}</arg>
</arguments>
<status status="PASS" starttime="20200818 17:17:34.395" endtime="20200818 17:17:34.397"></status>
</kw>
<kw name="Evaluate" library="BuiltIn">
<doc>Evaluates the given expression in Python and returns the result.</doc>
<arguments>
<arg>[name for name in $expect]</arg>
</arguments>
<assign>
<var>${exp}</var>
</assign>
<msg timestamp="20200818 17:17:34.397" level="INFO">${exp} = ['selenium', 'robotframework']</msg>
<status status="PASS" starttime="20200818 17:17:34.397" endtime="20200818 17:17:34.397"></status>
</kw>
<kw name="Should Be True" library="BuiltIn">
<doc>Fails if the given condition is not true.</doc>
<arguments>
<arg>$actrual==$exp</arg>
</arguments>
<status status="PASS" starttime="20200818 17:17:34.397" endtime="20200818 17:17:34.398"></status>
</kw>
<status status="PASS" starttime="20200818 17:17:34.311" endtime="20200818 17:17:34.398"></status>
</kw>
<status status="PASS" starttime="20200818 17:17:32.639" endtime="20200818 17:17:34.399" critical="yes"></status>
</test>
<kw name="webtestTeardown" library="rc" type="teardown">
<kw name="Close Browser" library="SeleniumLibrary">
<doc>Closes the current browser.</doc>
<status status="PASS" starttime="20200818 17:17:34.404" endtime="20200818 17:17:37.002"></status>
</kw>
<kw name="Log To Console" library="BuiltIn">
<doc>Logs the given message to the console.</doc>
<arguments>
<arg>关闭浏览器</arg>
</arguments>
<status status="PASS" starttime="20200818 17:17:37.002" endtime="20200818 17:17:37.003"></status>
</kw>
<status status="PASS" starttime="20200818 17:17:34.404" endtime="20200818 17:17:37.003"></status>
</kw>
<status status="PASS" starttime="20200818 17:17:00.400" endtime="20200818 17:17:37.003"></status>
</suite>
<statistics>
<total>
<stat pass="2" fail="0">Critical Tests</stat>
<stat pass="2" fail="0">All Tests</stat>
</total>
<tag>
</tag>
<suite>
<stat pass="2" fail="0" id="s1" name="Task">Task</stat>
</suite>
</statistics>
<errors>
</errors>
</robot>
