<?xml version="1.0" encoding="UTF-8"?>
<robot generator="Robot 3.2.1 (Python 3.6.6 on win32)" generated="20200812 08:42:25.642" rpa="false">
<suite id="s1" name="回归测试" source="E:\songqin\rf\rf工具学习\lesson2\作业2\作业2.robot">
<test id="s1-t1" name="case1">
<kw name="List Course" library="course_mgr">
<assign>
<var>${courses}</var>
</assign>
<msg timestamp="20200812 08:42:25.964" level="INFO">${courses} = []</msg>
<status status="PASS" starttime="20200812 08:42:25.865" endtime="20200812 08:42:25.964"></status>
</kw>
<kw name="${course} IN [ @{courses} ]" type="for">
<status status="PASS" starttime="20200812 08:42:25.964" endtime="20200812 08:42:25.964"></status>
</kw>
<kw name="Evaluate" library="BuiltIn">
<doc>Evaluates the given expression in Python and returns the result.</doc>
<arguments>
<arg>[course['name'] for course in $courses]</arg>
</arguments>
<assign>
<var>${actual}</var>
</assign>
<msg timestamp="20200812 08:42:25.969" level="INFO">${actual} = []</msg>
<status status="PASS" starttime="20200812 08:42:25.964" endtime="20200812 08:42:25.969"></status>
</kw>
<kw name="Should Be True" library="BuiltIn">
<doc>Fails if the given condition is not true.</doc>
<arguments>
<arg>$actual==['数学课','语文课']</arg>
</arguments>
<msg timestamp="20200812 08:42:25.970" level="FAIL">'$actual==['数学课','语文课']' should be true.</msg>
<status status="FAIL" starttime="20200812 08:42:25.970" endtime="20200812 08:42:25.970"></status>
</kw>
<status status="FAIL" starttime="20200812 08:42:25.864" endtime="20200812 08:42:25.970" critical="yes">'$actual==['数学课','语文课']' should be true.</status>
</test>
<test id="s1-t2" name="case2">
<kw name="Open Browser" library="SeleniumLibrary">
<doc>Opens a new browser instance to the optional ``url``.</doc>
<arguments>
<arg>https://www.vmall.com/</arg>
<arg>chrome</arg>
</arguments>
<msg timestamp="20200812 08:42:25.971" level="INFO">Opening browser 'chrome' to base url 'https://www.vmall.com/'.</msg>
<status status="PASS" starttime="20200812 08:42:25.971" endtime="20200812 08:42:29.790"></status>
</kw>
<kw name="Set Selenium Implicit Wait" library="SeleniumLibrary">
<doc>Sets the implicit wait value used by Selenium.</doc>
<arguments>
<arg>10</arg>
</arguments>
<status status="PASS" starttime="20200812 08:42:29.790" endtime="20200812 08:42:29.791"></status>
</kw>
<kw name="Get WebElements" library="SeleniumLibrary">
<doc>Returns a list of WebElement objects matching the ``locator``.</doc>
<arguments>
<arg>css=.home-hot-goods .grid-title</arg>
</arguments>
<assign>
<var>${items}</var>
</assign>
<msg timestamp="20200812 08:42:29.802" level="INFO">${items} = [&lt;selenium.webdriver.remote.webelement.WebElement (session="759eeef08a3cd389af4d3389ba8838a7", element="e697a2bd-7f80-4ef5-99d7-cb3a36b69404")&gt;, &lt;selenium.webdriver.remote.webelement.WebElement (sessi...</msg>
<status status="PASS" starttime="20200812 08:42:29.791" endtime="20200812 08:42:29.802"></status>
</kw>
<kw name="${i} IN [ @{items} ]" type="for">
<kw name="${i} = &lt;selenium.webdriver.remote.webelement.WebElement (session=&quot;759eeef08a3cd389af4d3389ba8838a7&quot;, element=&quot;e697a2bd-7f80-4ef5-99d7-cb3a36b69404&quot;)&gt;" type="foritem">
<kw name="Log" library="BuiltIn">
<doc>Logs the given message with the given level.</doc>
<arguments>
<arg>${i.text}</arg>
</arguments>
<msg timestamp="20200812 08:42:29.813" level="INFO">HUAWEI P40 Pro+</msg>
<status status="PASS" starttime="20200812 08:42:29.803" endtime="20200812 08:42:29.813"></status>
</kw>
<status status="PASS" starttime="20200812 08:42:29.803" endtime="20200812 08:42:29.813"></status>
</kw>
<kw name="${i} = &lt;selenium.webdriver.remote.webelement.WebElement (session=&quot;759eeef08a3cd389af4d3389ba8838a7&quot;, element=&quot;5505e747-921e-48c0-b584-16d8f9953615&quot;)&gt;" type="foritem">
<kw name="Log" library="BuiltIn">
<doc>Logs the given message with the given level.</doc>
<arguments>
<arg>${i.text}</arg>
</arguments>
<msg timestamp="20200812 08:42:29.824" level="INFO">荣耀30</msg>
<status status="PASS" starttime="20200812 08:42:29.814" endtime="20200812 08:42:29.824"></status>
</kw>
<status status="PASS" starttime="20200812 08:42:29.814" endtime="20200812 08:42:29.824"></status>
</kw>
<kw name="${i} = &lt;selenium.webdriver.remote.webelement.WebElement (session=&quot;759eeef08a3cd389af4d3389ba8838a7&quot;, element=&quot;bd20bcea-ba64-4607-8798-6ebb0a4a91a3&quot;)&gt;" type="foritem">
<kw name="Log" library="BuiltIn">
<doc>Logs the given message with the given level.</doc>
<arguments>
<arg>${i.text}</arg>
</arguments>
<msg timestamp="20200812 08:42:29.834" level="INFO">HUAWEI Mate 30 5G</msg>
<status status="PASS" starttime="20200812 08:42:29.824" endtime="20200812 08:42:29.834"></status>
</kw>
<status status="PASS" starttime="20200812 08:42:29.824" endtime="20200812 08:42:29.834"></status>
</kw>
<kw name="${i} = &lt;selenium.webdriver.remote.webelement.WebElement (session=&quot;759eeef08a3cd389af4d3389ba8838a7&quot;, element=&quot;1d5d5ec4-0437-492e-bea1-7595711420aa&quot;)&gt;" type="foritem">
<kw name="Log" library="BuiltIn">
<doc>Logs the given message with the given level.</doc>
<arguments>
<arg>${i.text}</arg>
</arguments>
<msg timestamp="20200812 08:42:29.843" level="INFO">荣耀Play4</msg>
<status status="PASS" starttime="20200812 08:42:29.835" endtime="20200812 08:42:29.844"></status>
</kw>
<status status="PASS" starttime="20200812 08:42:29.835" endtime="20200812 08:42:29.844"></status>
</kw>
<kw name="${i} = &lt;selenium.webdriver.remote.webelement.WebElement (session=&quot;759eeef08a3cd389af4d3389ba8838a7&quot;, element=&quot;6412ee4a-14ca-42f7-ae6a-09ec1264d812&quot;)&gt;" type="foritem">
<kw name="Log" library="BuiltIn">
<doc>Logs the given message with the given level.</doc>
<arguments>
<arg>${i.text}</arg>
</arguments>
<msg timestamp="20200812 08:42:29.853" level="INFO">华为麦芒 9</msg>
<status status="PASS" starttime="20200812 08:42:29.844" endtime="20200812 08:42:29.853"></status>
</kw>
<status status="PASS" starttime="20200812 08:42:29.844" endtime="20200812 08:42:29.853"></status>
</kw>
<kw name="${i} = &lt;selenium.webdriver.remote.webelement.WebElement (session=&quot;759eeef08a3cd389af4d3389ba8838a7&quot;, element=&quot;62839e55-974d-404f-90b6-46f1ed427189&quot;)&gt;" type="foritem">
<kw name="Log" library="BuiltIn">
<doc>Logs the given message with the given level.</doc>
<arguments>
<arg>${i.text}</arg>
</arguments>
<msg timestamp="20200812 08:42:29.864" level="INFO">荣耀X10 Max</msg>
<status status="PASS" starttime="20200812 08:42:29.854" endtime="20200812 08:42:29.864"></status>
</kw>
<status status="PASS" starttime="20200812 08:42:29.854" endtime="20200812 08:42:29.864"></status>
</kw>
<kw name="${i} = &lt;selenium.webdriver.remote.webelement.WebElement (session=&quot;759eeef08a3cd389af4d3389ba8838a7&quot;, element=&quot;4468c12f-7f23-4a92-b952-99f913367b05&quot;)&gt;" type="foritem">
<kw name="Log" library="BuiltIn">
<doc>Logs the given message with the given level.</doc>
<arguments>
<arg>${i.text}</arg>
</arguments>
<msg timestamp="20200812 08:42:29.874" level="INFO">华为畅享Z 5G</msg>
<status status="PASS" starttime="20200812 08:42:29.864" endtime="20200812 08:42:29.874"></status>
</kw>
<status status="PASS" starttime="20200812 08:42:29.864" endtime="20200812 08:42:29.874"></status>
</kw>
<kw name="${i} = &lt;selenium.webdriver.remote.webelement.WebElement (session=&quot;759eeef08a3cd389af4d3389ba8838a7&quot;, element=&quot;212abb7a-8c7f-42eb-a856-d63103b0234b&quot;)&gt;" type="foritem">
<kw name="Log" library="BuiltIn">
<doc>Logs the given message with the given level.</doc>
<arguments>
<arg>${i.text}</arg>
</arguments>
<msg timestamp="20200812 08:42:29.884" level="INFO">荣耀 Play4T Pro</msg>
<status status="PASS" starttime="20200812 08:42:29.875" endtime="20200812 08:42:29.884"></status>
</kw>
<status status="PASS" starttime="20200812 08:42:29.874" endtime="20200812 08:42:29.885"></status>
</kw>
<status status="PASS" starttime="20200812 08:42:29.802" endtime="20200812 08:42:29.885"></status>
</kw>
<kw name="Close Browser" library="SeleniumLibrary">
<doc>Closes the current browser.</doc>
<status status="PASS" starttime="20200812 08:42:29.885" endtime="20200812 08:42:32.273"></status>
</kw>
<status status="PASS" starttime="20200812 08:42:25.971" endtime="20200812 08:42:32.274" critical="yes"></status>
</test>
<status status="FAIL" starttime="20200812 08:42:25.646" endtime="20200812 08:42:32.276"></status>
</suite>
<statistics>
<total>
<stat pass="1" fail="1">Critical Tests</stat>
<stat pass="1" fail="1">All Tests</stat>
</total>
<tag>
</tag>
<suite>
<stat pass="1" fail="1" id="s1" name="回归测试">回归测试</stat>
</suite>
</statistics>
<errors>
</errors>
</robot>
