<?xml version="1.0" encoding="UTF-8"?>
<robot generator="Robot 3.2.1 (Python 3.6.6 on win32)" generated="20200812 22:59:40.462" rpa="false">
<suite id="s1" name="数据驱动" source="E:\songqin\rf\rf工具学习\lesson4\数据驱动.robot">
<test id="s1-t1" name="case1">
<kw name="kw2" library="资源文件">
<arguments>
<arg>1999</arg>
<arg>1999</arg>
</arguments>
<kw name="Set Variable" library="BuiltIn">
<doc>Returns the given values which can then be assigned to a variables.</doc>
<arguments>
<arg>${actual}</arg>
</arguments>
<assign>
<var>${var}</var>
</assign>
<msg timestamp="20200812 22:59:40.499" level="INFO">${var} = 1999</msg>
<status status="PASS" starttime="20200812 22:59:40.499" endtime="20200812 22:59:40.500"></status>
</kw>
<kw name="Log To Console" library="BuiltIn">
<doc>Logs the given message to the console.</doc>
<arguments>
<arg>${var}</arg>
</arguments>
<status status="PASS" starttime="20200812 22:59:40.500" endtime="20200812 22:59:40.501"></status>
</kw>
<kw name="Should Be True" library="BuiltIn">
<doc>Fails if the given condition is not true.</doc>
<arguments>
<arg>$var==$expect</arg>
</arguments>
<status status="PASS" starttime="20200812 22:59:40.501" endtime="20200812 22:59:40.508"></status>
</kw>
<status status="PASS" starttime="20200812 22:59:40.499" endtime="20200812 22:59:40.508"></status>
</kw>
<kw name="kw2" library="资源文件">
<arguments>
<arg>1988</arg>
<arg>1988</arg>
</arguments>
<kw name="Set Variable" library="BuiltIn">
<doc>Returns the given values which can then be assigned to a variables.</doc>
<arguments>
<arg>${actual}</arg>
</arguments>
<assign>
<var>${var}</var>
</assign>
<msg timestamp="20200812 22:59:40.510" level="INFO">${var} = 1988</msg>
<status status="PASS" starttime="20200812 22:59:40.510" endtime="20200812 22:59:40.510"></status>
</kw>
<kw name="Log To Console" library="BuiltIn">
<doc>Logs the given message to the console.</doc>
<arguments>
<arg>${var}</arg>
</arguments>
<status status="PASS" starttime="20200812 22:59:40.510" endtime="20200812 22:59:40.515"></status>
</kw>
<kw name="Should Be True" library="BuiltIn">
<doc>Fails if the given condition is not true.</doc>
<arguments>
<arg>$var==$expect</arg>
</arguments>
<status status="PASS" starttime="20200812 22:59:40.515" endtime="20200812 22:59:40.516"></status>
</kw>
<status status="PASS" starttime="20200812 22:59:40.509" endtime="20200812 22:59:40.516"></status>
</kw>
<kw name="kw2" library="资源文件">
<arguments>
<arg>2000</arg>
<arg>2001</arg>
</arguments>
<kw name="Set Variable" library="BuiltIn">
<doc>Returns the given values which can then be assigned to a variables.</doc>
<arguments>
<arg>${actual}</arg>
</arguments>
<assign>
<var>${var}</var>
</assign>
<msg timestamp="20200812 22:59:40.520" level="INFO">${var} = 2000</msg>
<status status="PASS" starttime="20200812 22:59:40.519" endtime="20200812 22:59:40.520"></status>
</kw>
<kw name="Log To Console" library="BuiltIn">
<doc>Logs the given message to the console.</doc>
<arguments>
<arg>${var}</arg>
</arguments>
<status status="PASS" starttime="20200812 22:59:40.520" endtime="20200812 22:59:40.523"></status>
</kw>
<kw name="Should Be True" library="BuiltIn">
<doc>Fails if the given condition is not true.</doc>
<arguments>
<arg>$var==$expect</arg>
</arguments>
<msg timestamp="20200812 22:59:40.524" level="FAIL">'$var==$expect' should be true.</msg>
<status status="FAIL" starttime="20200812 22:59:40.523" endtime="20200812 22:59:40.524"></status>
</kw>
<status status="FAIL" starttime="20200812 22:59:40.519" endtime="20200812 22:59:40.524"></status>
</kw>
<kw name="kw2" library="资源文件">
<arguments>
<arg>2020</arg>
<arg>2021</arg>
</arguments>
<kw name="Set Variable" library="BuiltIn">
<doc>Returns the given values which can then be assigned to a variables.</doc>
<arguments>
<arg>${actual}</arg>
</arguments>
<assign>
<var>${var}</var>
</assign>
<msg timestamp="20200812 22:59:40.525" level="INFO">${var} = 2020</msg>
<status status="PASS" starttime="20200812 22:59:40.525" endtime="20200812 22:59:40.525"></status>
</kw>
<kw name="Log To Console" library="BuiltIn">
<doc>Logs the given message to the console.</doc>
<arguments>
<arg>${var}</arg>
</arguments>
<status status="PASS" starttime="20200812 22:59:40.525" endtime="20200812 22:59:40.527"></status>
</kw>
<kw name="Should Be True" library="BuiltIn">
<doc>Fails if the given condition is not true.</doc>
<arguments>
<arg>$var==$expect</arg>
</arguments>
<msg timestamp="20200812 22:59:40.527" level="FAIL">'$var==$expect' should be true.</msg>
<status status="FAIL" starttime="20200812 22:59:40.527" endtime="20200812 22:59:40.527"></status>
</kw>
<status status="FAIL" starttime="20200812 22:59:40.525" endtime="20200812 22:59:40.527"></status>
</kw>
<kw name="kw2" library="资源文件">
<arguments>
<arg>abc</arg>
<arg>abc</arg>
</arguments>
<kw name="Set Variable" library="BuiltIn">
<doc>Returns the given values which can then be assigned to a variables.</doc>
<arguments>
<arg>${actual}</arg>
</arguments>
<assign>
<var>${var}</var>
</assign>
<msg timestamp="20200812 22:59:40.529" level="INFO">${var} = abc</msg>
<status status="PASS" starttime="20200812 22:59:40.528" endtime="20200812 22:59:40.529"></status>
</kw>
<kw name="Log To Console" library="BuiltIn">
<doc>Logs the given message to the console.</doc>
<arguments>
<arg>${var}</arg>
</arguments>
<status status="PASS" starttime="20200812 22:59:40.529" endtime="20200812 22:59:40.530"></status>
</kw>
<kw name="Should Be True" library="BuiltIn">
<doc>Fails if the given condition is not true.</doc>
<arguments>
<arg>$var==$expect</arg>
</arguments>
<status status="PASS" starttime="20200812 22:59:40.530" endtime="20200812 22:59:40.531"></status>
</kw>
<status status="PASS" starttime="20200812 22:59:40.528" endtime="20200812 22:59:40.531"></status>
</kw>
<kw name="kw2" library="资源文件">
<arguments>
<arg>log to console</arg>
<arg>用例执行完毕</arg>
</arguments>
<kw name="Set Variable" library="BuiltIn">
<doc>Returns the given values which can then be assigned to a variables.</doc>
<arguments>
<arg>${actual}</arg>
</arguments>
<assign>
<var>${var}</var>
</assign>
<msg timestamp="20200812 22:59:40.532" level="INFO">${var} = log to console</msg>
<status status="PASS" starttime="20200812 22:59:40.532" endtime="20200812 22:59:40.532"></status>
</kw>
<kw name="Log To Console" library="BuiltIn">
<doc>Logs the given message to the console.</doc>
<arguments>
<arg>${var}</arg>
</arguments>
<status status="PASS" starttime="20200812 22:59:40.532" endtime="20200812 22:59:40.535"></status>
</kw>
<kw name="Should Be True" library="BuiltIn">
<doc>Fails if the given condition is not true.</doc>
<arguments>
<arg>$var==$expect</arg>
</arguments>
<msg timestamp="20200812 22:59:40.536" level="FAIL">'$var==$expect' should be true.</msg>
<status status="FAIL" starttime="20200812 22:59:40.536" endtime="20200812 22:59:40.536"></status>
</kw>
<status status="FAIL" starttime="20200812 22:59:40.531" endtime="20200812 22:59:40.536"></status>
</kw>
<status status="FAIL" starttime="20200812 22:59:40.498" endtime="20200812 22:59:40.537" critical="yes">Several failures occurred:

1) '$var==$expect' should be true.

2) '$var==$expect' should be true.

3) '$var==$expect' should be true.</status>
</test>
<status status="FAIL" starttime="20200812 22:59:40.465" endtime="20200812 22:59:40.548"></status>
</suite>
<statistics>
<total>
<stat pass="0" fail="1">Critical Tests</stat>
<stat pass="0" fail="1">All Tests</stat>
</total>
<tag>
</tag>
<suite>
<stat pass="0" fail="1" id="s1" name="数据驱动">数据驱动</stat>
</suite>
</statistics>
<errors>
</errors>
</robot>
