<?xml version="1.0" encoding="UTF-8"?>
<robot generator="Robot 3.2.1 (Python 3.6.6 on win32)" generated="20200812 21:02:19.581" rpa="false">
<suite id="s1" name="作业3" source="E:\songqin\rf\rf工具学习\lesson3\作业3">
<suite id="s1-s1" name="Task" source="E:\songqin\rf\rf工具学习\lesson3\作业3\task.robot">
<test id="s1-s1-t1" name="添加课程">
<kw name="Delete All Lesson" library="courselib" type="setup">
<msg timestamp="20200812 21:02:26.442" level="INFO">删除完成</msg>
<status status="PASS" starttime="20200812 21:02:19.774" endtime="20200812 21:02:26.442"></status>
</kw>
<kw name="Open Browser" library="SeleniumLibrary">
<doc>Opens a new browser instance to the optional ``url``.</doc>
<arguments>
<arg>http://localhost/mgr/login/login.html</arg>
<arg>chrome</arg>
</arguments>
<msg timestamp="20200812 21:02:26.443" level="INFO">Opening browser 'chrome' to base url 'http://localhost/mgr/login/login.html'.</msg>
<status status="PASS" starttime="20200812 21:02:26.442" endtime="20200812 21:02:29.806"></status>
</kw>
<kw name="Set Selenium Implicit Wait" library="SeleniumLibrary">
<doc>Sets the implicit wait value used by Selenium.</doc>
<arguments>
<arg>10</arg>
</arguments>
<status status="PASS" starttime="20200812 21:02:29.807" endtime="20200812 21:02:29.809"></status>
</kw>
<kw name="Click Element" library="SeleniumLibrary">
<doc>Click the element identified by ``locator``.</doc>
<arguments>
<arg>css=.btn-success</arg>
</arguments>
<msg timestamp="20200812 21:02:29.810" level="INFO">Clicking element 'css=.btn-success'.</msg>
<status status="PASS" starttime="20200812 21:02:29.810" endtime="20200812 21:02:29.884"></status>
</kw>
<kw name="Click Element" library="SeleniumLibrary">
<doc>Click the element identified by ``locator``.</doc>
<arguments>
<arg>css=[ng-click="showAddOne=true"]</arg>
</arguments>
<msg timestamp="20200812 21:02:29.885" level="INFO">Clicking element 'css=[ng-click="showAddOne=true"]'.</msg>
<status status="PASS" starttime="20200812 21:02:29.884" endtime="20200812 21:02:30.447"></status>
</kw>
<kw name="Input Text" library="SeleniumLibrary">
<doc>Types the given ``text`` into the text field identified by ``locator``.</doc>
<arguments>
<arg>css=[ng-model="addData.name"]</arg>
<arg>语文课</arg>
</arguments>
<msg timestamp="20200812 21:02:30.448" level="INFO">Typing text '语文课' into text field 'css=[ng-model="addData.name"]'.</msg>
<status status="PASS" starttime="20200812 21:02:30.448" endtime="20200812 21:02:30.574"></status>
</kw>
<kw name="Input Text" library="SeleniumLibrary">
<doc>Types the given ``text`` into the text field identified by ``locator``.</doc>
<arguments>
<arg>css=[ng-model="addData.desc"]</arg>
<arg>语文描述</arg>
</arguments>
<msg timestamp="20200812 21:02:30.574" level="INFO">Typing text '语文描述' into text field 'css=[ng-model="addData.desc"]'.</msg>
<status status="PASS" starttime="20200812 21:02:30.574" endtime="20200812 21:02:30.670"></status>
</kw>
<kw name="Input Text" library="SeleniumLibrary">
<doc>Types the given ``text`` into the text field identified by ``locator``.</doc>
<arguments>
<arg>css=[ng-model="addData.display_idx"]</arg>
<arg>1</arg>
</arguments>
<msg timestamp="20200812 21:02:30.670" level="INFO">Typing text '1' into text field 'css=[ng-model="addData.display_idx"]'.</msg>
<status status="PASS" starttime="20200812 21:02:30.670" endtime="20200812 21:02:30.759"></status>
</kw>
<kw name="Click Element" library="SeleniumLibrary">
<doc>Click the element identified by ``locator``.</doc>
<arguments>
<arg>css=[ng-click="addOne()"]</arg>
</arguments>
<msg timestamp="20200812 21:02:30.760" level="INFO">Clicking element 'css=[ng-click="addOne()"]'.</msg>
<status status="PASS" starttime="20200812 21:02:30.760" endtime="20200812 21:02:30.822"></status>
</kw>
<kw name="Close Browser" library="SeleniumLibrary">
<doc>Closes the current browser.</doc>
<status status="PASS" starttime="20200812 21:02:30.822" endtime="20200812 21:02:33.013"></status>
</kw>
<status status="PASS" starttime="20200812 21:02:19.773" endtime="20200812 21:02:33.013" critical="yes"></status>
</test>
<status status="PASS" starttime="20200812 21:02:19.608" endtime="20200812 21:02:33.014"></status>
</suite>
<status status="PASS" starttime="20200812 21:02:19.584" endtime="20200812 21:02:33.016"></status>
</suite>
<statistics>
<total>
<stat pass="1" fail="0">Critical Tests</stat>
<stat pass="1" fail="0">All Tests</stat>
</total>
<tag>
</tag>
<suite>
<stat pass="1" fail="0" id="s1" name="作业3">作业3</stat>
<stat pass="1" fail="0" id="s1-s1" name="Task">作业3.Task</stat>
</suite>
</statistics>
<errors>
</errors>
</robot>
