<?xml version="1.0" encoding="UTF-8"?>
<robot generator="Robot 3.2.1 (Python 3.6.6 on win32)" generated="20200812 21:18:55.884" rpa="false">
<suite id="s1" name="作业3" source="E:\songqin\rf\rf工具学习\lesson3\作业3">
<suite id="s1-s1" name="Task" source="E:\songqin\rf\rf工具学习\lesson3\作业3\task.robot">
<test id="s1-s1-t1" name="添加课程">
<kw name="Delete All Lesson" library="courselib" type="setup">
<msg timestamp="20200812 21:19:03.292" level="INFO">删除完成</msg>
<status status="PASS" starttime="20200812 21:18:56.123" endtime="20200812 21:19:03.292"></status>
</kw>
<kw name="Open Browser" library="SeleniumLibrary">
<doc>Opens a new browser instance to the optional ``url``.</doc>
<arguments>
<arg>http://localhost/mgr/login/login.html</arg>
<arg>chrome</arg>
</arguments>
<msg timestamp="20200812 21:19:03.293" level="INFO">Opening browser 'chrome' to base url 'http://localhost/mgr/login/login.html'.</msg>
<status status="PASS" starttime="20200812 21:19:03.293" endtime="20200812 21:19:06.691"></status>
</kw>
<kw name="Set Selenium Implicit Wait" library="SeleniumLibrary">
<doc>Sets the implicit wait value used by Selenium.</doc>
<arguments>
<arg>10</arg>
</arguments>
<status status="PASS" starttime="20200812 21:19:06.691" endtime="20200812 21:19:06.692"></status>
</kw>
<kw name="Click Element" library="SeleniumLibrary">
<doc>Click the element identified by ``locator``.</doc>
<arguments>
<arg>css=.btn-success</arg>
</arguments>
<msg timestamp="20200812 21:19:06.693" level="INFO">Clicking element 'css=.btn-success'.</msg>
<status status="PASS" starttime="20200812 21:19:06.692" endtime="20200812 21:19:06.765"></status>
</kw>
<kw name="Click Element" library="SeleniumLibrary">
<doc>Click the element identified by ``locator``.</doc>
<arguments>
<arg>css=[ng-click="showAddOne=true"]</arg>
</arguments>
<msg timestamp="20200812 21:19:06.765" level="INFO">Clicking element 'css=[ng-click="showAddOne=true"]'.</msg>
<status status="PASS" starttime="20200812 21:19:06.765" endtime="20200812 21:19:07.411"></status>
</kw>
<kw name="Input Text" library="SeleniumLibrary">
<doc>Types the given ``text`` into the text field identified by ``locator``.</doc>
<arguments>
<arg>css=[ng-model="addData.name"]</arg>
<arg>语文课</arg>
</arguments>
<msg timestamp="20200812 21:19:07.412" level="INFO">Typing text '语文课' into text field 'css=[ng-model="addData.name"]'.</msg>
<status status="PASS" starttime="20200812 21:19:07.412" endtime="20200812 21:19:07.526"></status>
</kw>
<kw name="Input Text" library="SeleniumLibrary">
<doc>Types the given ``text`` into the text field identified by ``locator``.</doc>
<arguments>
<arg>css=[ng-model="addData.desc"]</arg>
<arg>语文描述</arg>
</arguments>
<msg timestamp="20200812 21:19:07.527" level="INFO">Typing text '语文描述' into text field 'css=[ng-model="addData.desc"]'.</msg>
<status status="PASS" starttime="20200812 21:19:07.527" endtime="20200812 21:19:07.638"></status>
</kw>
<kw name="Input Text" library="SeleniumLibrary">
<doc>Types the given ``text`` into the text field identified by ``locator``.</doc>
<arguments>
<arg>css=[ng-model="addData.display_idx"]</arg>
<arg>1</arg>
</arguments>
<msg timestamp="20200812 21:19:07.639" level="INFO">Typing text '1' into text field 'css=[ng-model="addData.display_idx"]'.</msg>
<status status="PASS" starttime="20200812 21:19:07.638" endtime="20200812 21:19:07.739"></status>
</kw>
<kw name="Click Element" library="SeleniumLibrary">
<doc>Click the element identified by ``locator``.</doc>
<arguments>
<arg>css=[ng-click="addOne()"]</arg>
</arguments>
<msg timestamp="20200812 21:19:07.740" level="INFO">Clicking element 'css=[ng-click="addOne()"]'.</msg>
<status status="PASS" starttime="20200812 21:19:07.740" endtime="20200812 21:19:07.803"></status>
</kw>
<kw name="Get WebElements" library="SeleniumLibrary">
<doc>Returns a list of WebElement objects matching the ``locator``.</doc>
<arguments>
<arg>css=tr td:nth-child(2)</arg>
</arguments>
<assign>
<var>${courses}</var>
</assign>
<msg timestamp="20200812 21:19:07.935" level="INFO">${courses} = [&lt;selenium.webdriver.remote.webelement.WebElement (session="7de834810713c654ef20a678eb4053c7", element="f28ec4fb-0af3-4fb7-adc9-9abbdf1d1385")&gt;]</msg>
<status status="PASS" starttime="20200812 21:19:07.803" endtime="20200812 21:19:07.936"></status>
</kw>
<kw name="Evaluate" library="BuiltIn">
<doc>Evaluates the given expression in Python and returns the result.</doc>
<arguments>
<arg>[course.text for course in $courses]</arg>
</arguments>
<assign>
<var>${actrual}</var>
</assign>
<msg timestamp="20200812 21:19:07.963" level="INFO">${actrual} = ['语文课']</msg>
<status status="PASS" starttime="20200812 21:19:07.936" endtime="20200812 21:19:07.963"></status>
</kw>
<kw name="Log To Console" library="BuiltIn">
<doc>Logs the given message to the console.</doc>
<arguments>
<arg>${actrual}</arg>
</arguments>
<status status="PASS" starttime="20200812 21:19:07.963" endtime="20200812 21:19:07.964"></status>
</kw>
<kw name="Should Be True" library="BuiltIn">
<doc>Fails if the given condition is not true.</doc>
<arguments>
<arg>$actrual==['语文课']</arg>
</arguments>
<status status="PASS" starttime="20200812 21:19:07.964" endtime="20200812 21:19:07.964"></status>
</kw>
<kw name="Close Browser" library="SeleniumLibrary">
<doc>Closes the current browser.</doc>
<status status="PASS" starttime="20200812 21:19:07.964" endtime="20200812 21:19:10.200"></status>
</kw>
<status status="PASS" starttime="20200812 21:18:56.121" endtime="20200812 21:19:10.200" critical="yes"></status>
</test>
<status status="PASS" starttime="20200812 21:18:55.917" endtime="20200812 21:19:10.201"></status>
</suite>
<status status="PASS" starttime="20200812 21:18:55.887" endtime="20200812 21:19:10.202"></status>
</suite>
<statistics>
<total>
<stat pass="1" fail="0">Critical Tests</stat>
<stat pass="1" fail="0">All Tests</stat>
</total>
<tag>
</tag>
<suite>
<stat pass="1" fail="0" id="s1" name="作业3">作业3</stat>
<stat pass="1" fail="0" id="s1-s1" name="Task">作业3.Task</stat>
</suite>
</statistics>
<errors>
</errors>
</robot>
