<?xml version="1.0" encoding="UTF-8"?>
<robot generator="Robot 3.2.1 (Python 3.6.6 on win32)" generated="20200812 22:39:43.143" rpa="false">
<suite id="s1" name="Task" source="E:\songqin\rf\rf工具学习\lesson4\作业3\task.robot">
<test id="s1-t1" name="添加课程1">
<kw name="Delete All Lesson" library="courselib" type="setup">
<msg timestamp="20200812 22:39:51.428" level="INFO">删除完成</msg>
<status status="PASS" starttime="20200812 22:39:43.357" endtime="20200812 22:39:51.428"></status>
</kw>
<kw name="loginWebSite" library="rc">
<kw name="Open Browser" library="SeleniumLibrary">
<doc>Opens a new browser instance to the optional ``url``.</doc>
<arguments>
<arg>http://localhost/mgr/login/login.html</arg>
<arg>chrome</arg>
</arguments>
<msg timestamp="20200812 22:39:51.429" level="INFO">Opening browser 'chrome' to base url 'http://localhost/mgr/login/login.html'.</msg>
<status status="PASS" starttime="20200812 22:39:51.429" endtime="20200812 22:39:54.866"></status>
</kw>
<kw name="Set Selenium Implicit Wait" library="SeleniumLibrary">
<doc>Sets the implicit wait value used by Selenium.</doc>
<arguments>
<arg>10</arg>
</arguments>
<status status="PASS" starttime="20200812 22:39:54.867" endtime="20200812 22:39:54.868"></status>
</kw>
<kw name="Click Element" library="SeleniumLibrary">
<doc>Click the element identified by ``locator``.</doc>
<arguments>
<arg>css=.btn-success</arg>
</arguments>
<msg timestamp="20200812 22:39:54.868" level="INFO">Clicking element 'css=.btn-success'.</msg>
<status status="PASS" starttime="20200812 22:39:54.868" endtime="20200812 22:39:54.959"></status>
</kw>
<status status="PASS" starttime="20200812 22:39:51.428" endtime="20200812 22:39:54.959"></status>
</kw>
<kw name="addCourse" library="rc">
<arguments>
<arg>robotframework</arg>
<arg>rf课程</arg>
<arg>2</arg>
</arguments>
<kw name="Click Element" library="SeleniumLibrary">
<doc>Click the element identified by ``locator``.</doc>
<arguments>
<arg>css=[ng-click="showAddOne=true"]</arg>
</arguments>
<msg timestamp="20200812 22:39:54.960" level="INFO">Clicking element 'css=[ng-click="showAddOne=true"]'.</msg>
<status status="PASS" starttime="20200812 22:39:54.960" endtime="20200812 22:39:55.618"></status>
</kw>
<kw name="Input Text" library="SeleniumLibrary">
<doc>Types the given ``text`` into the text field identified by ``locator``.</doc>
<arguments>
<arg>css=[ng-model="addData.name"]</arg>
<arg>${name}</arg>
</arguments>
<msg timestamp="20200812 22:39:55.618" level="INFO">Typing text 'robotframework' into text field 'css=[ng-model="addData.name"]'.</msg>
<status status="PASS" starttime="20200812 22:39:55.618" endtime="20200812 22:39:55.817"></status>
</kw>
<kw name="Input Text" library="SeleniumLibrary">
<doc>Types the given ``text`` into the text field identified by ``locator``.</doc>
<arguments>
<arg>css=[ng-model="addData.desc"]</arg>
<arg>${desc}</arg>
</arguments>
<msg timestamp="20200812 22:39:55.818" level="INFO">Typing text 'rf课程' into text field 'css=[ng-model="addData.desc"]'.</msg>
<status status="PASS" starttime="20200812 22:39:55.817" endtime="20200812 22:39:55.923"></status>
</kw>
<kw name="Input Text" library="SeleniumLibrary">
<doc>Types the given ``text`` into the text field identified by ``locator``.</doc>
<arguments>
<arg>css=[ng-model="addData.display_idx"]</arg>
<arg>${idx}</arg>
</arguments>
<msg timestamp="20200812 22:39:55.923" level="INFO">Typing text '2' into text field 'css=[ng-model="addData.display_idx"]'.</msg>
<status status="PASS" starttime="20200812 22:39:55.923" endtime="20200812 22:39:56.013"></status>
</kw>
<kw name="Click Element" library="SeleniumLibrary">
<doc>Click the element identified by ``locator``.</doc>
<arguments>
<arg>css=[ng-click="addOne()"]</arg>
</arguments>
<msg timestamp="20200812 22:39:56.014" level="INFO">Clicking element 'css=[ng-click="addOne()"]'.</msg>
<status status="PASS" starttime="20200812 22:39:56.013" endtime="20200812 22:39:56.070"></status>
</kw>
<kw name="Sleep" library="BuiltIn">
<doc>Pauses the test executed for the given time.</doc>
<arguments>
<arg>1</arg>
</arguments>
<msg timestamp="20200812 22:39:57.070" level="INFO">Slept 1 second</msg>
<status status="PASS" starttime="20200812 22:39:56.070" endtime="20200812 22:39:57.070"></status>
</kw>
<status status="PASS" starttime="20200812 22:39:54.959" endtime="20200812 22:39:57.070"></status>
</kw>
<kw name="checkCourse" library="rc">
<arguments>
<arg>robotframework</arg>
</arguments>
<kw name="Get WebElements" library="SeleniumLibrary">
<doc>Returns a list of WebElement objects matching the ``locator``.</doc>
<arguments>
<arg>css=tr td:nth-child(2)</arg>
</arguments>
<assign>
<var>${courses}</var>
</assign>
<msg timestamp="20200812 22:39:57.081" level="INFO">${courses} = [&lt;selenium.webdriver.remote.webelement.WebElement (session="afa002be8438fd2eb2edda2c75ba8047", element="baaa264b-fce8-4547-8728-302ead7405ad")&gt;]</msg>
<status status="PASS" starttime="20200812 22:39:57.070" endtime="20200812 22:39:57.081"></status>
</kw>
<kw name="Evaluate" library="BuiltIn">
<doc>Evaluates the given expression in Python and returns the result.</doc>
<arguments>
<arg>[course.text for course in $courses]</arg>
</arguments>
<assign>
<var>${actrual}</var>
</assign>
<msg timestamp="20200812 22:39:57.099" level="INFO">${actrual} = ['robotframework']</msg>
<status status="PASS" starttime="20200812 22:39:57.081" endtime="20200812 22:39:57.099"></status>
</kw>
<kw name="Log To Console" library="BuiltIn">
<doc>Logs the given message to the console.</doc>
<arguments>
<arg>${actrual}</arg>
</arguments>
<status status="PASS" starttime="20200812 22:39:57.099" endtime="20200812 22:39:57.099"></status>
</kw>
<kw name="Evaluate" library="BuiltIn">
<doc>Evaluates the given expression in Python and returns the result.</doc>
<arguments>
<arg>[name for name in $expect]</arg>
</arguments>
<assign>
<var>${exp}</var>
</assign>
<msg timestamp="20200812 22:39:57.100" level="INFO">${exp} = ['robotframework']</msg>
<status status="PASS" starttime="20200812 22:39:57.099" endtime="20200812 22:39:57.100"></status>
</kw>
<kw name="Should Be True" library="BuiltIn">
<doc>Fails if the given condition is not true.</doc>
<arguments>
<arg>$actrual==$exp</arg>
</arguments>
<status status="PASS" starttime="20200812 22:39:57.100" endtime="20200812 22:39:57.100"></status>
</kw>
<status status="PASS" starttime="20200812 22:39:57.070" endtime="20200812 22:39:57.100"></status>
</kw>
<kw name="Close Browser" library="SeleniumLibrary">
<doc>Closes the current browser.</doc>
<status status="PASS" starttime="20200812 22:39:57.100" endtime="20200812 22:39:59.292"></status>
</kw>
<status status="PASS" starttime="20200812 22:39:43.355" endtime="20200812 22:39:59.292" critical="yes"></status>
</test>
<test id="s1-t2" name="添加课程2">
<kw name="loginWebSite" library="rc">
<kw name="Open Browser" library="SeleniumLibrary">
<doc>Opens a new browser instance to the optional ``url``.</doc>
<arguments>
<arg>http://localhost/mgr/login/login.html</arg>
<arg>chrome</arg>
</arguments>
<msg timestamp="20200812 22:39:59.294" level="INFO">Opening browser 'chrome' to base url 'http://localhost/mgr/login/login.html'.</msg>
<status status="PASS" starttime="20200812 22:39:59.294" endtime="20200812 22:40:02.691"></status>
</kw>
<kw name="Set Selenium Implicit Wait" library="SeleniumLibrary">
<doc>Sets the implicit wait value used by Selenium.</doc>
<arguments>
<arg>10</arg>
</arguments>
<status status="PASS" starttime="20200812 22:40:02.691" endtime="20200812 22:40:02.693"></status>
</kw>
<kw name="Click Element" library="SeleniumLibrary">
<doc>Click the element identified by ``locator``.</doc>
<arguments>
<arg>css=.btn-success</arg>
</arguments>
<msg timestamp="20200812 22:40:02.694" level="INFO">Clicking element 'css=.btn-success'.</msg>
<status status="PASS" starttime="20200812 22:40:02.693" endtime="20200812 22:40:02.777"></status>
</kw>
<status status="PASS" starttime="20200812 22:39:59.293" endtime="20200812 22:40:02.778"></status>
</kw>
<kw name="addCourse" library="rc">
<arguments>
<arg>selenium</arg>
<arg>webui课程</arg>
<arg>1</arg>
</arguments>
<kw name="Click Element" library="SeleniumLibrary">
<doc>Click the element identified by ``locator``.</doc>
<arguments>
<arg>css=[ng-click="showAddOne=true"]</arg>
</arguments>
<msg timestamp="20200812 22:40:02.779" level="INFO">Clicking element 'css=[ng-click="showAddOne=true"]'.</msg>
<status status="PASS" starttime="20200812 22:40:02.778" endtime="20200812 22:40:03.404"></status>
</kw>
<kw name="Input Text" library="SeleniumLibrary">
<doc>Types the given ``text`` into the text field identified by ``locator``.</doc>
<arguments>
<arg>css=[ng-model="addData.name"]</arg>
<arg>${name}</arg>
</arguments>
<msg timestamp="20200812 22:40:03.405" level="INFO">Typing text 'selenium' into text field 'css=[ng-model="addData.name"]'.</msg>
<status status="PASS" starttime="20200812 22:40:03.405" endtime="20200812 22:40:03.608"></status>
</kw>
<kw name="Input Text" library="SeleniumLibrary">
<doc>Types the given ``text`` into the text field identified by ``locator``.</doc>
<arguments>
<arg>css=[ng-model="addData.desc"]</arg>
<arg>${desc}</arg>
</arguments>
<msg timestamp="20200812 22:40:03.609" level="INFO">Typing text 'webui课程' into text field 'css=[ng-model="addData.desc"]'.</msg>
<status status="PASS" starttime="20200812 22:40:03.609" endtime="20200812 22:40:03.743"></status>
</kw>
<kw name="Input Text" library="SeleniumLibrary">
<doc>Types the given ``text`` into the text field identified by ``locator``.</doc>
<arguments>
<arg>css=[ng-model="addData.display_idx"]</arg>
<arg>${idx}</arg>
</arguments>
<msg timestamp="20200812 22:40:03.743" level="INFO">Typing text '1' into text field 'css=[ng-model="addData.display_idx"]'.</msg>
<status status="PASS" starttime="20200812 22:40:03.743" endtime="20200812 22:40:03.840"></status>
</kw>
<kw name="Click Element" library="SeleniumLibrary">
<doc>Click the element identified by ``locator``.</doc>
<arguments>
<arg>css=[ng-click="addOne()"]</arg>
</arguments>
<msg timestamp="20200812 22:40:03.840" level="INFO">Clicking element 'css=[ng-click="addOne()"]'.</msg>
<status status="PASS" starttime="20200812 22:40:03.840" endtime="20200812 22:40:03.909"></status>
</kw>
<kw name="Sleep" library="BuiltIn">
<doc>Pauses the test executed for the given time.</doc>
<arguments>
<arg>1</arg>
</arguments>
<msg timestamp="20200812 22:40:04.910" level="INFO">Slept 1 second</msg>
<status status="PASS" starttime="20200812 22:40:03.909" endtime="20200812 22:40:04.910"></status>
</kw>
<status status="PASS" starttime="20200812 22:40:02.778" endtime="20200812 22:40:04.910"></status>
</kw>
<kw name="checkCourse" library="rc">
<arguments>
<arg>selenium</arg>
<arg>robotframework</arg>
</arguments>
<kw name="Get WebElements" library="SeleniumLibrary">
<doc>Returns a list of WebElement objects matching the ``locator``.</doc>
<arguments>
<arg>css=tr td:nth-child(2)</arg>
</arguments>
<assign>
<var>${courses}</var>
</assign>
<msg timestamp="20200812 22:40:04.929" level="INFO">${courses} = [&lt;selenium.webdriver.remote.webelement.WebElement (session="4a0e21cb9122762c16166f62bb7f4401", element="6e609504-1404-474b-a01a-7797fb9bbdb4")&gt;, &lt;selenium.webdriver.remote.webelement.WebElement (sessi...</msg>
<status status="PASS" starttime="20200812 22:40:04.911" endtime="20200812 22:40:04.929"></status>
</kw>
<kw name="Evaluate" library="BuiltIn">
<doc>Evaluates the given expression in Python and returns the result.</doc>
<arguments>
<arg>[course.text for course in $courses]</arg>
</arguments>
<assign>
<var>${actrual}</var>
</assign>
<msg timestamp="20200812 22:40:04.981" level="INFO">${actrual} = ['selenium', 'robotframework']</msg>
<status status="PASS" starttime="20200812 22:40:04.929" endtime="20200812 22:40:04.981"></status>
</kw>
<kw name="Log To Console" library="BuiltIn">
<doc>Logs the given message to the console.</doc>
<arguments>
<arg>${actrual}</arg>
</arguments>
<status status="PASS" starttime="20200812 22:40:04.981" endtime="20200812 22:40:04.982"></status>
</kw>
<kw name="Evaluate" library="BuiltIn">
<doc>Evaluates the given expression in Python and returns the result.</doc>
<arguments>
<arg>[name for name in $expect]</arg>
</arguments>
<assign>
<var>${exp}</var>
</assign>
<msg timestamp="20200812 22:40:04.983" level="INFO">${exp} = ['selenium', 'robotframework']</msg>
<status status="PASS" starttime="20200812 22:40:04.982" endtime="20200812 22:40:04.983"></status>
</kw>
<kw name="Should Be True" library="BuiltIn">
<doc>Fails if the given condition is not true.</doc>
<arguments>
<arg>$actrual==$exp</arg>
</arguments>
<status status="PASS" starttime="20200812 22:40:04.983" endtime="20200812 22:40:04.984"></status>
</kw>
<status status="PASS" starttime="20200812 22:40:04.910" endtime="20200812 22:40:04.984"></status>
</kw>
<kw name="Close Browser" library="SeleniumLibrary">
<doc>Closes the current browser.</doc>
<status status="PASS" starttime="20200812 22:40:04.984" endtime="20200812 22:40:07.240"></status>
</kw>
<status status="PASS" starttime="20200812 22:39:59.293" endtime="20200812 22:40:07.240" critical="yes"></status>
</test>
<status status="PASS" starttime="20200812 22:39:43.147" endtime="20200812 22:40:07.241"></status>
</suite>
<statistics>
<total>
<stat pass="2" fail="0">Critical Tests</stat>
<stat pass="2" fail="0">All Tests</stat>
</total>
<tag>
</tag>
<suite>
<stat pass="2" fail="0" id="s1" name="Task">Task</stat>
</suite>
</statistics>
<errors>
</errors>
</robot>
