<?xml version="1.0" encoding="UTF-8"?>
<robot generator="Robot 3.2.1 (Python 3.6.6 on win32)" generated="20200818 17:08:34.412" rpa="false">
<suite id="s1" name="Task" source="E:\songqin\rf\rf工具学习\lesson5\作业4\task.robot">
<test id="s1-t1" name="添加课程1">
<kw name="deleteAllLesson" library="rc" type="setup">
<kw name="loginWebSite" library="rc">
<kw name="Open Browser" library="SeleniumLibrary">
<doc>Opens a new browser instance to the optional ``url``.</doc>
<arguments>
<arg>http://localhost/mgr/login/login.html</arg>
<arg>chrome</arg>
</arguments>
<msg timestamp="20200818 17:08:34.610" level="INFO">Opening browser 'chrome' to base url 'http://localhost/mgr/login/login.html'.</msg>
<status status="PASS" starttime="20200818 17:08:34.610" endtime="20200818 17:08:37.860"></status>
</kw>
<kw name="Set Selenium Implicit Wait" library="SeleniumLibrary">
<doc>Sets the implicit wait value used by Selenium.</doc>
<arguments>
<arg>10</arg>
</arguments>
<status status="PASS" starttime="20200818 17:08:37.860" endtime="20200818 17:08:37.861"></status>
</kw>
<kw name="Click Element" library="SeleniumLibrary">
<doc>Click the element identified by ``locator``.</doc>
<arguments>
<arg>css=.btn-success</arg>
</arguments>
<msg timestamp="20200818 17:08:37.862" level="INFO">Clicking element 'css=.btn-success'.</msg>
<status status="PASS" starttime="20200818 17:08:37.861" endtime="20200818 17:08:37.909"></status>
</kw>
<status status="PASS" starttime="20200818 17:08:34.609" endtime="20200818 17:08:37.909"></status>
</kw>
<kw name="Set Selenium Implicit Wait" library="SeleniumLibrary">
<doc>Sets the implicit wait value used by Selenium.</doc>
<arguments>
<arg>2</arg>
</arguments>
<status status="PASS" starttime="20200818 17:08:37.909" endtime="20200818 17:08:37.910"></status>
</kw>
<kw name="${one} IN RANGE [ 9999 ]" type="for">
<kw name="${one} = 0" type="foritem">
<kw name="Get WebElements" library="SeleniumLibrary">
<doc>Returns a list of WebElement objects matching the ``locator``.</doc>
<arguments>
<arg>css=[ng-click="delOne(one)"]</arg>
</arguments>
<assign>
<var>${del_btns}</var>
</assign>
<msg timestamp="20200818 17:08:38.515" level="INFO">${del_btns} = [&lt;selenium.webdriver.remote.webelement.WebElement (session="b89d596a426fc66193e579abe5469338", element="2b4a0b88-477d-4ef4-b5dc-180b7e72694d")&gt;, &lt;selenium.webdriver.remote.webelement.WebElement (sessi...</msg>
<status status="PASS" starttime="20200818 17:08:37.910" endtime="20200818 17:08:38.515"></status>
</kw>
<kw name="Exit For Loop If" library="BuiltIn">
<doc>Stops executing the enclosing for loop if the ``condition`` is true.</doc>
<arguments>
<arg>$del_btns==[]</arg>
</arguments>
<status status="PASS" starttime="20200818 17:08:38.515" endtime="20200818 17:08:38.520"></status>
</kw>
<kw name="Click Element" library="SeleniumLibrary">
<doc>Click the element identified by ``locator``.</doc>
<arguments>
<arg>${del_btns}[0]</arg>
</arguments>
<msg timestamp="20200818 17:08:38.520" level="INFO">Clicking element '&lt;selenium.webdriver.remote.webelement.WebElement (session="b89d596a426fc66193e579abe5469338", element="2b4a0b88-477d-4ef4-b5dc-180b7e72694d")&gt;'.</msg>
<status status="PASS" starttime="20200818 17:08:38.520" endtime="20200818 17:08:38.565"></status>
</kw>
<kw name="Click Element" library="SeleniumLibrary">
<doc>Click the element identified by ``locator``.</doc>
<arguments>
<arg>css=.btn-primary</arg>
</arguments>
<msg timestamp="20200818 17:08:38.566" level="INFO">Clicking element 'css=.btn-primary'.</msg>
<status status="PASS" starttime="20200818 17:08:38.565" endtime="20200818 17:08:38.793"></status>
</kw>
<kw name="Sleep" library="BuiltIn">
<doc>Pauses the test executed for the given time.</doc>
<arguments>
<arg>1</arg>
</arguments>
<msg timestamp="20200818 17:08:39.793" level="INFO">Slept 1 second</msg>
<status status="PASS" starttime="20200818 17:08:38.793" endtime="20200818 17:08:39.793"></status>
</kw>
<status status="PASS" starttime="20200818 17:08:37.910" endtime="20200818 17:08:39.793"></status>
</kw>
<kw name="${one} = 1" type="foritem">
<kw name="Get WebElements" library="SeleniumLibrary">
<doc>Returns a list of WebElement objects matching the ``locator``.</doc>
<arguments>
<arg>css=[ng-click="delOne(one)"]</arg>
</arguments>
<assign>
<var>${del_btns}</var>
</assign>
<msg timestamp="20200818 17:08:39.811" level="INFO">${del_btns} = [&lt;selenium.webdriver.remote.webelement.WebElement (session="b89d596a426fc66193e579abe5469338", element="aed89932-65ba-4690-af1e-2d8bba040920")&gt;]</msg>
<status status="PASS" starttime="20200818 17:08:39.794" endtime="20200818 17:08:39.811"></status>
</kw>
<kw name="Exit For Loop If" library="BuiltIn">
<doc>Stops executing the enclosing for loop if the ``condition`` is true.</doc>
<arguments>
<arg>$del_btns==[]</arg>
</arguments>
<status status="PASS" starttime="20200818 17:08:39.811" endtime="20200818 17:08:39.812"></status>
</kw>
<kw name="Click Element" library="SeleniumLibrary">
<doc>Click the element identified by ``locator``.</doc>
<arguments>
<arg>${del_btns}[0]</arg>
</arguments>
<msg timestamp="20200818 17:08:39.813" level="INFO">Clicking element '&lt;selenium.webdriver.remote.webelement.WebElement (session="b89d596a426fc66193e579abe5469338", element="aed89932-65ba-4690-af1e-2d8bba040920")&gt;'.</msg>
<status status="PASS" starttime="20200818 17:08:39.812" endtime="20200818 17:08:39.865"></status>
</kw>
<kw name="Click Element" library="SeleniumLibrary">
<doc>Click the element identified by ``locator``.</doc>
<arguments>
<arg>css=.btn-primary</arg>
</arguments>
<msg timestamp="20200818 17:08:39.865" level="INFO">Clicking element 'css=.btn-primary'.</msg>
<status status="PASS" starttime="20200818 17:08:39.865" endtime="20200818 17:08:40.109"></status>
</kw>
<kw name="Sleep" library="BuiltIn">
<doc>Pauses the test executed for the given time.</doc>
<arguments>
<arg>1</arg>
</arguments>
<msg timestamp="20200818 17:08:41.110" level="INFO">Slept 1 second</msg>
<status status="PASS" starttime="20200818 17:08:40.110" endtime="20200818 17:08:41.110"></status>
</kw>
<status status="PASS" starttime="20200818 17:08:39.793" endtime="20200818 17:08:41.110"></status>
</kw>
<kw name="${one} = 2" type="foritem">
<kw name="Get WebElements" library="SeleniumLibrary">
<doc>Returns a list of WebElement objects matching the ``locator``.</doc>
<arguments>
<arg>css=[ng-click="delOne(one)"]</arg>
</arguments>
<assign>
<var>${del_btns}</var>
</assign>
<msg timestamp="20200818 17:08:43.132" level="INFO">${del_btns} = []</msg>
<status status="PASS" starttime="20200818 17:08:41.111" endtime="20200818 17:08:43.132"></status>
</kw>
<kw name="Exit For Loop If" library="BuiltIn">
<doc>Stops executing the enclosing for loop if the ``condition`` is true.</doc>
<arguments>
<arg>$del_btns==[]</arg>
</arguments>
<msg timestamp="20200818 17:08:43.133" level="INFO">Exiting for loop altogether.</msg>
<status status="PASS" starttime="20200818 17:08:43.133" endtime="20200818 17:08:43.133"></status>
</kw>
<status status="PASS" starttime="20200818 17:08:41.111" endtime="20200818 17:08:43.134"></status>
</kw>
<status status="PASS" starttime="20200818 17:08:37.910" endtime="20200818 17:08:43.134"></status>
</kw>
<kw name="Close Browser" library="SeleniumLibrary">
<doc>Closes the current browser.</doc>
<status status="PASS" starttime="20200818 17:08:43.134" endtime="20200818 17:08:45.696"></status>
</kw>
<status status="PASS" starttime="20200818 17:08:34.609" endtime="20200818 17:08:45.697"></status>
</kw>
<kw name="loginWebSite" library="rc">
<kw name="Open Browser" library="SeleniumLibrary">
<doc>Opens a new browser instance to the optional ``url``.</doc>
<arguments>
<arg>http://localhost/mgr/login/login.html</arg>
<arg>chrome</arg>
</arguments>
<msg timestamp="20200818 17:08:45.698" level="INFO">Opening browser 'chrome' to base url 'http://localhost/mgr/login/login.html'.</msg>
<status status="PASS" starttime="20200818 17:08:45.698" endtime="20200818 17:08:48.961"></status>
</kw>
<kw name="Set Selenium Implicit Wait" library="SeleniumLibrary">
<doc>Sets the implicit wait value used by Selenium.</doc>
<arguments>
<arg>10</arg>
</arguments>
<status status="PASS" starttime="20200818 17:08:48.961" endtime="20200818 17:08:48.963"></status>
</kw>
<kw name="Click Element" library="SeleniumLibrary">
<doc>Click the element identified by ``locator``.</doc>
<arguments>
<arg>css=.btn-success</arg>
</arguments>
<msg timestamp="20200818 17:08:48.964" level="INFO">Clicking element 'css=.btn-success'.</msg>
<status status="PASS" starttime="20200818 17:08:48.963" endtime="20200818 17:08:49.014"></status>
</kw>
<status status="PASS" starttime="20200818 17:08:45.698" endtime="20200818 17:08:49.014"></status>
</kw>
<kw name="addCourse" library="rc">
<arguments>
<arg>robotframework</arg>
<arg>rf课程</arg>
<arg>2</arg>
</arguments>
<kw name="Click Element" library="SeleniumLibrary">
<doc>Click the element identified by ``locator``.</doc>
<arguments>
<arg>css=[ng-click="showAddOne=true"]</arg>
</arguments>
<msg timestamp="20200818 17:08:49.015" level="INFO">Clicking element 'css=[ng-click="showAddOne=true"]'.</msg>
<status status="PASS" starttime="20200818 17:08:49.015" endtime="20200818 17:08:49.534"></status>
</kw>
<kw name="Input Text" library="SeleniumLibrary">
<doc>Types the given ``text`` into the text field identified by ``locator``.</doc>
<arguments>
<arg>css=[ng-model="addData.name"]</arg>
<arg>${name}</arg>
</arguments>
<msg timestamp="20200818 17:08:49.534" level="INFO">Typing text 'robotframework' into text field 'css=[ng-model="addData.name"]'.</msg>
<status status="PASS" starttime="20200818 17:08:49.534" endtime="20200818 17:08:49.640"></status>
</kw>
<kw name="Input Text" library="SeleniumLibrary">
<doc>Types the given ``text`` into the text field identified by ``locator``.</doc>
<arguments>
<arg>css=[ng-model="addData.desc"]</arg>
<arg>${desc}</arg>
</arguments>
<msg timestamp="20200818 17:08:49.641" level="INFO">Typing text 'rf课程' into text field 'css=[ng-model="addData.desc"]'.</msg>
<status status="PASS" starttime="20200818 17:08:49.640" endtime="20200818 17:08:49.718"></status>
</kw>
<kw name="Input Text" library="SeleniumLibrary">
<doc>Types the given ``text`` into the text field identified by ``locator``.</doc>
<arguments>
<arg>css=[ng-model="addData.display_idx"]</arg>
<arg>${idx}</arg>
</arguments>
<msg timestamp="20200818 17:08:49.719" level="INFO">Typing text '2' into text field 'css=[ng-model="addData.display_idx"]'.</msg>
<status status="PASS" starttime="20200818 17:08:49.718" endtime="20200818 17:08:49.794"></status>
</kw>
<kw name="Click Element" library="SeleniumLibrary">
<doc>Click the element identified by ``locator``.</doc>
<arguments>
<arg>css=[ng-click="addOne()"]</arg>
</arguments>
<msg timestamp="20200818 17:08:49.794" level="INFO">Clicking element 'css=[ng-click="addOne()"]'.</msg>
<status status="PASS" starttime="20200818 17:08:49.794" endtime="20200818 17:08:49.844"></status>
</kw>
<kw name="Sleep" library="BuiltIn">
<doc>Pauses the test executed for the given time.</doc>
<arguments>
<arg>1</arg>
</arguments>
<msg timestamp="20200818 17:08:50.844" level="INFO">Slept 1 second</msg>
<status status="PASS" starttime="20200818 17:08:49.844" endtime="20200818 17:08:50.844"></status>
</kw>
<status status="PASS" starttime="20200818 17:08:49.014" endtime="20200818 17:08:50.844"></status>
</kw>
<kw name="checkCourse" library="rc">
<arguments>
<arg>robotframework</arg>
</arguments>
<kw name="Get WebElements" library="SeleniumLibrary">
<doc>Returns a list of WebElement objects matching the ``locator``.</doc>
<arguments>
<arg>css=tr td:nth-child(2)</arg>
</arguments>
<assign>
<var>${courses}</var>
</assign>
<msg timestamp="20200818 17:08:50.856" level="INFO">${courses} = [&lt;selenium.webdriver.remote.webelement.WebElement (session="18bf232d614864e43eb51e1e6d924e37", element="f3ea88b1-d295-4ece-8164-249fcb69bd08")&gt;]</msg>
<status status="PASS" starttime="20200818 17:08:50.845" endtime="20200818 17:08:50.856"></status>
</kw>
<kw name="Evaluate" library="BuiltIn">
<doc>Evaluates the given expression in Python and returns the result.</doc>
<arguments>
<arg>[course.text for course in $courses]</arg>
</arguments>
<assign>
<var>${actrual}</var>
</assign>
<msg timestamp="20200818 17:08:50.869" level="INFO">${actrual} = ['robotframework']</msg>
<status status="PASS" starttime="20200818 17:08:50.856" endtime="20200818 17:08:50.869"></status>
</kw>
<kw name="Log To Console" library="BuiltIn">
<doc>Logs the given message to the console.</doc>
<arguments>
<arg>${actrual}</arg>
</arguments>
<status status="PASS" starttime="20200818 17:08:50.869" endtime="20200818 17:08:50.870"></status>
</kw>
<kw name="Evaluate" library="BuiltIn">
<doc>Evaluates the given expression in Python and returns the result.</doc>
<arguments>
<arg>[name for name in $expect]</arg>
</arguments>
<assign>
<var>${exp}</var>
</assign>
<msg timestamp="20200818 17:08:50.871" level="INFO">${exp} = ['robotframework']</msg>
<status status="PASS" starttime="20200818 17:08:50.870" endtime="20200818 17:08:50.871"></status>
</kw>
<kw name="Should Be True" library="BuiltIn">
<doc>Fails if the given condition is not true.</doc>
<arguments>
<arg>$actrual==$exp</arg>
</arguments>
<status status="PASS" starttime="20200818 17:08:50.871" endtime="20200818 17:08:50.872"></status>
</kw>
<status status="PASS" starttime="20200818 17:08:50.845" endtime="20200818 17:08:50.872"></status>
</kw>
<kw name="Close Browser" library="SeleniumLibrary">
<doc>Closes the current browser.</doc>
<status status="PASS" starttime="20200818 17:08:50.873" endtime="20200818 17:08:53.124"></status>
</kw>
<status status="PASS" starttime="20200818 17:08:34.607" endtime="20200818 17:08:53.125" critical="yes"></status>
</test>
<test id="s1-t2" name="添加课程2">
<kw name="loginWebSite" library="rc">
<kw name="Open Browser" library="SeleniumLibrary">
<doc>Opens a new browser instance to the optional ``url``.</doc>
<arguments>
<arg>http://localhost/mgr/login/login.html</arg>
<arg>chrome</arg>
</arguments>
<msg timestamp="20200818 17:08:53.131" level="INFO">Opening browser 'chrome' to base url 'http://localhost/mgr/login/login.html'.</msg>
<status status="PASS" starttime="20200818 17:08:53.130" endtime="20200818 17:08:56.346"></status>
</kw>
<kw name="Set Selenium Implicit Wait" library="SeleniumLibrary">
<doc>Sets the implicit wait value used by Selenium.</doc>
<arguments>
<arg>10</arg>
</arguments>
<status status="PASS" starttime="20200818 17:08:56.347" endtime="20200818 17:08:56.347"></status>
</kw>
<kw name="Click Element" library="SeleniumLibrary">
<doc>Click the element identified by ``locator``.</doc>
<arguments>
<arg>css=.btn-success</arg>
</arguments>
<msg timestamp="20200818 17:08:56.348" level="INFO">Clicking element 'css=.btn-success'.</msg>
<status status="PASS" starttime="20200818 17:08:56.348" endtime="20200818 17:08:56.396"></status>
</kw>
<status status="PASS" starttime="20200818 17:08:53.130" endtime="20200818 17:08:56.397"></status>
</kw>
<kw name="addCourse" library="rc">
<arguments>
<arg>selenium</arg>
<arg>webui课程</arg>
<arg>1</arg>
</arguments>
<kw name="Click Element" library="SeleniumLibrary">
<doc>Click the element identified by ``locator``.</doc>
<arguments>
<arg>css=[ng-click="showAddOne=true"]</arg>
</arguments>
<msg timestamp="20200818 17:08:56.398" level="INFO">Clicking element 'css=[ng-click="showAddOne=true"]'.</msg>
<status status="PASS" starttime="20200818 17:08:56.397" endtime="20200818 17:08:56.920"></status>
</kw>
<kw name="Input Text" library="SeleniumLibrary">
<doc>Types the given ``text`` into the text field identified by ``locator``.</doc>
<arguments>
<arg>css=[ng-model="addData.name"]</arg>
<arg>${name}</arg>
</arguments>
<msg timestamp="20200818 17:08:56.920" level="INFO">Typing text 'selenium' into text field 'css=[ng-model="addData.name"]'.</msg>
<status status="PASS" starttime="20200818 17:08:56.920" endtime="20200818 17:08:57.046"></status>
</kw>
<kw name="Input Text" library="SeleniumLibrary">
<doc>Types the given ``text`` into the text field identified by ``locator``.</doc>
<arguments>
<arg>css=[ng-model="addData.desc"]</arg>
<arg>${desc}</arg>
</arguments>
<msg timestamp="20200818 17:08:57.046" level="INFO">Typing text 'webui课程' into text field 'css=[ng-model="addData.desc"]'.</msg>
<status status="PASS" starttime="20200818 17:08:57.046" endtime="20200818 17:08:57.117"></status>
</kw>
<kw name="Input Text" library="SeleniumLibrary">
<doc>Types the given ``text`` into the text field identified by ``locator``.</doc>
<arguments>
<arg>css=[ng-model="addData.display_idx"]</arg>
<arg>${idx}</arg>
</arguments>
<msg timestamp="20200818 17:08:57.118" level="INFO">Typing text '1' into text field 'css=[ng-model="addData.display_idx"]'.</msg>
<status status="PASS" starttime="20200818 17:08:57.118" endtime="20200818 17:08:57.194"></status>
</kw>
<kw name="Click Element" library="SeleniumLibrary">
<doc>Click the element identified by ``locator``.</doc>
<arguments>
<arg>css=[ng-click="addOne()"]</arg>
</arguments>
<msg timestamp="20200818 17:08:57.195" level="INFO">Clicking element 'css=[ng-click="addOne()"]'.</msg>
<status status="PASS" starttime="20200818 17:08:57.194" endtime="20200818 17:08:57.247"></status>
</kw>
<kw name="Sleep" library="BuiltIn">
<doc>Pauses the test executed for the given time.</doc>
<arguments>
<arg>1</arg>
</arguments>
<msg timestamp="20200818 17:08:58.248" level="INFO">Slept 1 second</msg>
<status status="PASS" starttime="20200818 17:08:57.248" endtime="20200818 17:08:58.248"></status>
</kw>
<status status="PASS" starttime="20200818 17:08:56.397" endtime="20200818 17:08:58.248"></status>
</kw>
<kw name="checkCourse" library="rc">
<arguments>
<arg>selenium</arg>
<arg>robotframework</arg>
</arguments>
<kw name="Get WebElements" library="SeleniumLibrary">
<doc>Returns a list of WebElement objects matching the ``locator``.</doc>
<arguments>
<arg>css=tr td:nth-child(2)</arg>
</arguments>
<assign>
<var>${courses}</var>
</assign>
<msg timestamp="20200818 17:08:58.273" level="INFO">${courses} = [&lt;selenium.webdriver.remote.webelement.WebElement (session="2693d111ce70239d853c5f0efc78e8ef", element="a4403c1d-41ca-4231-8bda-9205dce01920")&gt;, &lt;selenium.webdriver.remote.webelement.WebElement (sessi...</msg>
<status status="PASS" starttime="20200818 17:08:58.250" endtime="20200818 17:08:58.273"></status>
</kw>
<kw name="Evaluate" library="BuiltIn">
<doc>Evaluates the given expression in Python and returns the result.</doc>
<arguments>
<arg>[course.text for course in $courses]</arg>
</arguments>
<assign>
<var>${actrual}</var>
</assign>
<msg timestamp="20200818 17:08:58.317" level="INFO">${actrual} = ['selenium', 'robotframework']</msg>
<status status="PASS" starttime="20200818 17:08:58.273" endtime="20200818 17:08:58.318"></status>
</kw>
<kw name="Log To Console" library="BuiltIn">
<doc>Logs the given message to the console.</doc>
<arguments>
<arg>${actrual}</arg>
</arguments>
<status status="PASS" starttime="20200818 17:08:58.318" endtime="20200818 17:08:58.319"></status>
</kw>
<kw name="Evaluate" library="BuiltIn">
<doc>Evaluates the given expression in Python and returns the result.</doc>
<arguments>
<arg>[name for name in $expect]</arg>
</arguments>
<assign>
<var>${exp}</var>
</assign>
<msg timestamp="20200818 17:08:58.319" level="INFO">${exp} = ['selenium', 'robotframework']</msg>
<status status="PASS" starttime="20200818 17:08:58.319" endtime="20200818 17:08:58.319"></status>
</kw>
<kw name="Should Be True" library="BuiltIn">
<doc>Fails if the given condition is not true.</doc>
<arguments>
<arg>$actrual==$exp</arg>
</arguments>
<status status="PASS" starttime="20200818 17:08:58.320" endtime="20200818 17:08:58.320"></status>
</kw>
<status status="PASS" starttime="20200818 17:08:58.249" endtime="20200818 17:08:58.320"></status>
</kw>
<kw name="Close Browser" library="SeleniumLibrary">
<doc>Closes the current browser.</doc>
<status status="PASS" starttime="20200818 17:08:58.321" endtime="20200818 17:09:00.478"></status>
</kw>
<status status="PASS" starttime="20200818 17:08:53.129" endtime="20200818 17:09:00.479" critical="yes"></status>
</test>
<status status="PASS" starttime="20200818 17:08:34.415" endtime="20200818 17:09:00.489"></status>
</suite>
<statistics>
<total>
<stat pass="2" fail="0">Critical Tests</stat>
<stat pass="2" fail="0">All Tests</stat>
</total>
<tag>
</tag>
<suite>
<stat pass="2" fail="0" id="s1" name="Task">Task</stat>
</suite>
</statistics>
<errors>
</errors>
</robot>
